2015-04-01 18:44:54  8164  8163 Installing 'Informix_Dynamic_Server'.
2015-04-01 18:44:56  8164  8163 Installation was successful.
2015-04-01 18:44:56  8164  8163 Installing 'Informix_Dynamic_Server'.
2015-04-01 18:47:22  8164  8163 Installation was successful.
2015-04-01 18:47:22  8164  8163 Installing 'Informix_JDBC'.
2015-04-01 18:47:31  8164  8163 Installation was successful.
2015-04-01 18:47:31  8164  8163 Installing 'Informix_ClientSDK'.
2015-04-01 18:47:33  8164  8163 Installation was successful.
2015-04-01 18:47:33  8164  8163 Installing 'Informix_ClientSDK'.
2015-04-01 18:48:36  8164  8163 Installation was successful.
2015-04-02 14:30:19  2560  2559 Installing 'Informix_Dynamic_Server'.
2015-04-02 14:30:21  2560  2559 Installation was successful.
2015-04-02 14:30:21  2560  2559 Installing 'Informix_Dynamic_Server'.
2015-04-02 14:33:23  2560  2559 Installation was successful.
2015-04-02 14:33:23  2560  2559 Installing 'Informix_JDBC'.
2015-04-02 14:33:41  2560  2559 Installation was successful.
2015-04-02 14:33:41  2560  2559 Installing 'Informix_ClientSDK'.
2015-04-02 14:33:43  2560  2559 Installation was successful.
2015-04-02 14:33:43  2560  2559 Installing 'Informix_ClientSDK'.
2015-04-02 14:34:52  2560  2559 Installation was successful.
2015-04-02 15:32:25  4521  4520 Installing 'Informix_Dynamic_Server'.
2015-04-02 15:32:27  4521  4520 Installation was successful.
2015-04-02 15:32:27  4521  4520 Installing 'Informix_Dynamic_Server'.
2015-04-02 15:36:06  4521  4520 Installation was successful.
2015-04-02 15:36:06  4521  4520 Installing 'Informix_JDBC'.
2015-04-02 15:36:11  4521  4520 Installation was successful.
2015-04-02 15:36:18  4521  4520 Installing 'Informix_ClientSDK'.
2015-04-02 15:36:30  4521  4520 Installation was successful.
2015-04-02 15:36:30  4521  4520 Installing 'Informix_ClientSDK'.
2015-04-02 15:38:06  4521  4520 Installation was successful.
2015-04-02 17:23:28  7535  7534 Installing 'Informix_Dynamic_Server'.
2015-04-02 17:23:30  7535  7534 Installation was successful.
2015-04-02 17:23:30  7535  7534 Installing 'Informix_Dynamic_Server'.
2015-04-02 17:27:06  7535  7534 Installation was successful.
2015-04-02 17:27:06  7535  7534 Installing 'Informix_JDBC'.
2015-04-02 17:27:22  7535  7534 Installation was successful.
2015-04-02 17:27:22  7535  7534 Installing 'Informix_ClientSDK'.
2015-04-02 17:27:30  7535  7534 Installation was successful.
2015-04-02 17:27:30  7535  7534 Installing 'Informix_ClientSDK'.
2015-04-02 17:28:37  7535  7534 Installation was successful.
2015-04-02 18:55:57 12001 12000 Installing 'Informix_Dynamic_Server'.
2015-04-02 18:55:59 12001 12000 Installation was successful.
2015-04-02 18:55:59 12001 12000 Installing 'Informix_Dynamic_Server'.
2015-04-02 18:59:37 12001 12000 Installation was successful.
2015-04-02 18:59:37 12001 12000 Installing 'Informix_JDBC'.
2015-04-02 19:00:29 12001 12000 Installation was successful.
2015-04-02 19:00:29 12001 12000 Installing 'Informix_ClientSDK'.
2015-04-02 19:00:32 12001 12000 Installation was successful.
2015-04-02 19:00:32 12001 12000 Installing 'Informix_ClientSDK'.
2015-04-02 19:02:45 12001 12000 Installation was successful.
2015-04-02 19:34:21 14247 14246 Installing 'Informix_Dynamic_Server'.
2015-04-02 19:34:23 14247 14246 Installation was successful.
2015-04-02 19:34:23 14247 14246 Installing 'Informix_Dynamic_Server'.
2015-04-02 19:38:25 14247 14246 Installation was successful.
2015-04-02 19:38:25 14247 14246 Installing 'Informix_JDBC'.
2015-04-02 19:39:01 14247 14246 Installation was successful.
2015-04-02 19:39:01 14247 14246 Installing 'Informix_ClientSDK'.
2015-04-02 19:39:04 14247 14246 Installation was successful.
2015-04-02 19:39:04 14247 14246 Installing 'Informix_ClientSDK'.
2015-04-02 19:41:06 14247 14246 Installation was successful.
