Begin Install
################################################
  
################################################
   Start:  Fri Apr 10 16:50:11 UTC 2015
     ----------------------------------------
          Installing 
     ----------------------------------------
          Start:  Fri Apr 10 16:50:11 UTC 2015
           Stop:  Fri Apr 10 16:51:18 UTC 2015
################################################
  
################################################
   Start:  Fri Apr 10 16:51:19 UTC 2015
     ----------------------------------------
          Installing 
     ----------------------------------------
          Start:  Fri Apr 10 16:51:19 UTC 2015
           Stop:  Fri Apr 10 16:51:22 UTC 2015
################################################
  
################################################
   Start:  Fri Apr 10 16:51:23 UTC 2015
     ----------------------------------------
          Installing 
     ----------------------------------------
          Start:  Fri Apr 10 16:51:23 UTC 2015
           Stop:  Fri Apr 10 16:51:28 UTC 2015
     ----------------------------------------
          Installing 
     ----------------------------------------
          Start:  Fri Apr 10 16:51:28 UTC 2015
           Stop:  Fri Apr 10 16:53:39 UTC 2015
     ----------------------------------------
          Installing 
     ----------------------------------------
          Start:  Fri Apr 10 16:53:40 UTC 2015
           Stop:  Fri Apr 10 17:00:12 UTC 2015
################################################
  
################################################
   Start:  Fri Apr 10 17:00:12 UTC 2015
