     --------------------------------------------------
          npm install node-red
     --------------------------------------------------
          Start:  Wed Jan 9 13:21:26 CST 2019
(node:5070) [DEP0022] DeprecationWarning: os.tmpDir() is deprecated. Use os.tmpdir() instead.
npm WARN deprecated mailparser@0.6.2: Mailparser versions older than v2.3.0 are deprecated
npm WARN deprecated nodemailer@1.11.0: All versions below 4.0.1 of Nodemailer are deprecated. See https://nodemailer.com/status/
npm WARN deprecated mailcomposer@2.1.0: This project is unmaintained
npm WARN deprecated mimelib@0.3.1: This project is unmaintained
npm WARN deprecated buildmail@2.0.0: This project is unmaintained
npm WARN package.json string_decoder@1.0.3 string_decoder is also the name of a node core module.

> bcrypt@2.0.1 install /usr/local/lib/node_modules/node-red/node_modules/bcrypt
> node-pre-gyp install --fallback-to-build

node-pre-gyp ERR! Tried to download(404): https://github.com/kelektiv/node.bcrypt.js/releases/download/v2.0.1/bcrypt_lib-v2.0.1-node-v57-linux-arm-glibc.tar.gz 
node-pre-gyp ERR! Pre-built binaries not found for bcrypt@2.0.1 and node@8.11.1 (node-v57 ABI, glibc) (falling back to source compile with node-gyp) 
make: Entering directory '/usr/local/lib/node_modules/node-red/node_modules/bcrypt/build'
  CXX(target) Release/obj.target/bcrypt_lib/src/blowfish.o
  CXX(target) Release/obj.target/bcrypt_lib/src/bcrypt.o
  CXX(target) Release/obj.target/bcrypt_lib/src/bcrypt_node.o
  SOLINK_MODULE(target) Release/obj.target/bcrypt_lib.node
  COPY Release/bcrypt_lib.node
  COPY /usr/local/lib/node_modules/node-red/node_modules/bcrypt/lib/binding/bcrypt_lib.node
  TOUCH Release/obj.target/action_after_build.stamp
make: Leaving directory '/usr/local/lib/node_modules/node-red/node_modules/bcrypt/build'
/usr/local/bin/node-red -> /usr/local/lib/node_modules/node-red/red.js
/usr/local/bin/node-red-pi -> /usr/local/lib/node_modules/node-red/bin/node-red-pi
node-red@0.19.5 /usr/local/lib/node_modules/node-red
├── is-utf8@0.2.1
├── media-typer@0.3.0
├── on-headers@1.0.1
├── cookie@0.3.1
├── denque@1.3.0
├── clone@2.1.2
├── semver@5.6.0
├── json-stringify-safe@5.0.1
├── hash-sum@1.0.2
├── node-red-node-rbe@0.2.4
├── jsonata@1.5.4
├── mustache@2.3.2
├── cookie-parser@1.4.3 (cookie-signature@1.0.6)
├── basic-auth@2.0.1 (safe-buffer@5.1.2)
├── passport-oauth2-client-password@0.1.2 (passport-strategy@1.0.0)
├── sentiment@2.1.0
├── bcryptjs@2.4.3
├── fs.notify@0.0.4 (async@0.1.22, retry@0.6.1)
├── passport-http-bearer@1.0.1 (passport-strategy@1.0.0)
├── ws@1.1.5 (options@0.0.6, ultron@1.0.2)
├── cors@2.8.4 (vary@1.1.2, object-assign@4.1.1)
├── i18next@11.6.0
├── passport@0.4.0 (pause@0.0.1, passport-strategy@1.0.0)
├── nopt@4.0.1 (abbrev@1.1.1, osenv@0.1.5)
├── xml2js@0.4.19 (sax@1.2.4, xmlbuilder@9.0.7)
├── memorystore@1.6.0 (lru-cache@4.1.5, debug@3.1.0)
├── express-session@1.15.6 (utils-merge@1.0.1, parseurl@1.3.2, cookie-signature@1.0.6, depd@1.1.2, crc@3.4.4, uid-safe@2.1.5, debug@2.6.9)
├── node-red-node-twitter@1.1.4 (twitter-ng@0.6.2)
├── when@3.7.8
├── raw-body@2.3.3 (bytes@3.0.0, unpipe@1.0.0, http-errors@1.6.3, iconv-lite@0.4.23)
├── uglify-js@3.4.9 (commander@2.17.1, source-map@0.6.1)
├── fs-extra@5.0.0 (universalify@0.1.2, jsonfile@4.0.0, graceful-fs@4.1.15)
├── https-proxy-agent@2.2.1 (debug@3.2.6, agent-base@4.2.1)
├── body-parser@1.18.3 (content-type@1.0.4, bytes@3.0.0, qs@6.5.2, depd@1.1.2, on-finished@2.3.0, http-errors@1.6.3, debug@2.6.9, type-is@1.6.16, iconv-lite@0.4.23)
├── express@4.16.4 (escape-html@1.0.3, array-flatten@1.1.1, utils-merge@1.0.1, content-type@1.0.4, parseurl@1.3.2, setprototypeof@1.1.0, safe-buffer@5.1.2, encodeurl@1.0.2, merge-descriptors@1.0.1, methods@1.1.2, fresh@0.5.2, content-disposition@0.5.2, etag@1.8.1, path-to-regexp@0.1.7, range-parser@1.2.0, serve-static@1.13.2, cookie-signature@1.0.6, statuses@1.4.0, vary@1.1.2, finalhandler@1.1.1, proxy-addr@2.0.4, on-finished@2.3.0, depd@1.1.2, send@0.16.2, qs@6.5.2, debug@2.6.9, type-is@1.6.16, accepts@1.3.5)
├── oauth2orize@1.11.0 (uid2@0.0.3, utils-merge@1.0.1, debug@2.6.9)
├── js-yaml@3.12.0 (esprima@4.0.1, argparse@1.0.10)
├── cheerio@0.22.0 (lodash.assignin@4.2.0, lodash.foreach@4.5.0, lodash.pick@4.4.0, lodash.flatten@4.4.0, lodash.defaults@4.2.0, lodash.bind@4.2.1, lodash.filter@4.6.0, lodash.some@4.6.0, lodash.reject@4.6.0, lodash.reduce@4.6.0, lodash.map@4.6.0, lodash.merge@4.6.1, entities@1.1.2, dom-serializer@0.1.0, css-select@1.2.0, htmlparser2@3.10.0)
├── node-red-node-feedparser@0.1.14 (feedparser@2.2.9)
├── multer@1.4.1 (object-assign@4.1.1, append-field@1.0.0, xtend@4.0.1, on-finished@2.3.0, mkdirp@0.5.1, type-is@1.6.16, concat-stream@1.6.2, busboy@0.2.14)
├── ajv@6.5.4 (fast-deep-equal@2.0.1, json-schema-traverse@0.4.1, fast-json-stable-stringify@2.0.0, uri-js@4.2.2)
├── node-red-node-email@0.1.29 (poplib@0.1.7, imap@0.8.19, mailparser@0.6.2, nodemailer@1.11.0)
├── request@2.88.0 (aws-sign2@0.7.0, forever-agent@0.6.1, oauth-sign@0.9.0, tunnel-agent@0.6.0, is-typedarray@1.0.0, caseless@0.12.0, aws4@1.8.0, isstream@0.1.2, extend@3.0.2, safe-buffer@5.1.2, performance-now@2.1.0, uuid@3.3.2, combined-stream@1.0.7, mime-types@2.1.21, qs@6.5.2, form-data@2.3.3, tough-cookie@2.4.3, http-signature@1.2.0, har-validator@5.1.3)
├── mqtt@2.18.8 (inherits@2.0.3, reinterval@1.1.0, xtend@4.0.1, minimist@1.2.0, concat-stream@1.6.2, split2@2.2.0, commist@1.0.0, pump@3.0.0, mqtt-packet@5.6.0, end-of-stream@1.4.1, readable-stream@2.3.6, websocket-stream@5.1.2, help-me@1.1.0, es6-map@0.1.5)
├── cron@1.5.0 (moment-timezone@0.5.23)
└── bcrypt@2.0.1 (nan@2.10.0)
     --------------------------------------------------
          MK dir and cp
     --------------------------------------------------
          Start:  Wed Jan 9 13:23:05 CST 2019
mkdir: cannot create directory ‘/home/informix/node-red/runIot’: No such file or directory
cp: cannot create regular file '/home/informix/node-red/runIot/util.js': No such file or directory
mkdir: cannot create directory ‘/home/informix/node-red/runIot/config’: No such file or directory
           Stop:  Wed Jan 9 13:23:05 CST 2019
           Stop:  Wed Jan 9 13:23:05 CST 2019
