     --------------------------------------------------
          Installing node-red-contrib
     --------------------------------------------------
          Start:  Wed Jan 9 13:23:05 CST 2019
(node:5283) [DEP0022] DeprecationWarning: os.tmpDir() is deprecated. Use os.tmpdir() instead.
express@4.16.4 node_modules/express
├── escape-html@1.0.3
├── array-flatten@1.1.1
├── setprototypeof@1.1.0
├── cookie-signature@1.0.6
├── utils-merge@1.0.1
├── encodeurl@1.0.2
├── methods@1.1.2
├── content-type@1.0.4
├── merge-descriptors@1.0.1
├── fresh@0.5.2
├── cookie@0.3.1
├── path-to-regexp@0.1.7
├── etag@1.8.1
├── range-parser@1.2.0
├── parseurl@1.3.2
├── serve-static@1.13.2
├── vary@1.1.2
├── content-disposition@0.5.2
├── safe-buffer@5.1.2
├── statuses@1.4.0
├── depd@1.1.2
├── on-finished@2.3.0 (ee-first@1.1.1)
├── qs@6.5.2
├── finalhandler@1.1.1 (unpipe@1.0.0)
├── proxy-addr@2.0.4 (forwarded@0.1.2, ipaddr.js@1.8.0)
├── debug@2.6.9 (ms@2.0.0)
├── type-is@1.6.16 (media-typer@0.3.0, mime-types@2.1.21)
├── send@0.16.2 (destroy@1.0.4, ms@2.0.0, mime@1.4.1, http-errors@1.6.3)
├── accepts@1.3.5 (negotiator@0.6.1, mime-types@2.1.21)
└── body-parser@1.18.3 (bytes@3.0.0, raw-body@2.3.3, http-errors@1.6.3, iconv-lite@0.4.23)
(node:5300) [DEP0022] DeprecationWarning: os.tmpDir() is deprecated. Use os.tmpdir() instead.
node-red-contrib-timeseries@1.0.1 node_modules/node-red-contrib-timeseries
├── moment@2.9.0
└── request@2.88.0 (aws-sign2@0.7.0, forever-agent@0.6.1, oauth-sign@0.9.0, tunnel-agent@0.6.0, is-typedarray@1.0.0, caseless@0.12.0, safe-buffer@5.1.2, aws4@1.8.0, isstream@0.1.2, json-stringify-safe@5.0.1, extend@3.0.2, performance-now@2.1.0, qs@6.5.2, uuid@3.3.2, combined-stream@1.0.7, mime-types@2.1.21, form-data@2.3.3, tough-cookie@2.4.3, http-signature@1.2.0, har-validator@5.1.3)
(node:5317) [DEP0022] DeprecationWarning: os.tmpDir() is deprecated. Use os.tmpdir() instead.
npm WARN package.json node-red-contrib-timeseries@1.0.1 license should be a valid SPDX license expression
node-red-contrib-scx-ibmiotapp@0.0.49 node_modules/node-red-contrib-scx-ibmiotapp
├── is-utf8@0.2.1
├── cfenv@1.1.0 (ports@1.1.0, underscore@1.8.3, js-yaml@3.11.0)
└── ibmiotf@0.2.41 (btoa@1.2.1, format@0.2.2, events@1.1.1, loglevel@1.6.1, form-data@2.3.3, bluebird@2.11.0, concat-stream@1.6.2, axios@0.5.4, mqtt@2.18.8)
(node:5335) [DEP0022] DeprecationWarning: os.tmpDir() is deprecated. Use os.tmpdir() instead.
npm WARN package.json node-red-contrib-scx-ibmiotapp@0.0.49 license should be a valid SPDX license expression
npm WARN package.json node-red-contrib-timeseries@1.0.1 license should be a valid SPDX license expression

> utf-8-validate@1.2.2 install /home/informix/node-red/node_modules/node-red-contrib-graphs/node_modules/ws/node_modules/utf-8-validate
> node-gyp rebuild

make: Entering directory '/home/informix/node-red/node_modules/node-red-contrib-graphs/node_modules/ws/node_modules/utf-8-validate/build'
  CXX(target) Release/obj.target/validation/src/validation.o
  SOLINK_MODULE(target) Release/obj.target/validation.node
  COPY Release/validation.node
make: Leaving directory '/home/informix/node-red/node_modules/node-red-contrib-graphs/node_modules/ws/node_modules/utf-8-validate/build'

> bufferutil@1.2.1 install /home/informix/node-red/node_modules/node-red-contrib-graphs/node_modules/ws/node_modules/bufferutil
> node-gyp rebuild

make: Entering directory '/home/informix/node-red/node_modules/node-red-contrib-graphs/node_modules/ws/node_modules/bufferutil/build'
  CXX(target) Release/obj.target/bufferutil/src/bufferutil.o
  SOLINK_MODULE(target) Release/obj.target/bufferutil.node
  COPY Release/bufferutil.node
make: Leaving directory '/home/informix/node-red/node_modules/node-red-contrib-graphs/node_modules/ws/node_modules/bufferutil/build'
node-red-contrib-graphs@0.3.5 node_modules/node-red-contrib-graphs
├── mustache@2.3.2
└── ws@0.8.1 (options@0.0.6, ultron@1.0.2, utf-8-validate@1.2.2, bufferutil@1.2.1)
(node:5463) [DEP0022] DeprecationWarning: os.tmpDir() is deprecated. Use os.tmpdir() instead.
npm WARN package.json node-red-contrib-graphs@0.3.5 license should be a valid SPDX license expression
npm WARN package.json node-red-contrib-scx-ibmiotapp@0.0.49 license should be a valid SPDX license expression
npm WARN package.json node-red-contrib-timeseries@1.0.1 license should be a valid SPDX license expression
npm WARN optional dep failed, continuing xpc-connection@0.1.4

> usb@1.5.0 install /home/informix/node-red/node_modules/node-red-contrib-sensortag/node_modules/sensortag/node_modules/noble-device/node_modules/noble/node_modules/bluetooth-hci-socket/node_modules/usb
> node-pre-gyp install --fallback-to-build

node-pre-gyp WARN Using request for node-pre-gyp https download 
node-pre-gyp WARN Tried to download(404): https://github.com/tessel/node-usb/releases/download/1.5.0/usb_bindings-v1.5.0-node-v57-linux-arm.tar.gz 
node-pre-gyp WARN Pre-built binaries not found for usb@1.5.0 and node@8.11.1 (node-v57 ABI, glibc) (falling back to source compile with node-gyp) 
make: Entering directory '/home/informix/node-red/node_modules/node-red-contrib-sensortag/node_modules/sensortag/node_modules/noble-device/node_modules/noble/node_modules/bluetooth-hci-socket/node_modules/usb/build'
  CC(target) Release/obj.target/libusb/libusb/libusb/core.o
  CC(target) Release/obj.target/libusb/libusb/libusb/descriptor.o
  CC(target) Release/obj.target/libusb/libusb/libusb/hotplug.o
  CC(target) Release/obj.target/libusb/libusb/libusb/io.o
  CC(target) Release/obj.target/libusb/libusb/libusb/strerror.o
  CC(target) Release/obj.target/libusb/libusb/libusb/sync.o
  CC(target) Release/obj.target/libusb/libusb/libusb/os/poll_posix.o
  CC(target) Release/obj.target/libusb/libusb/libusb/os/threads_posix.o
  CC(target) Release/obj.target/libusb/libusb/libusb/os/linux_usbfs.o
  CC(target) Release/obj.target/libusb/libusb/libusb/os/linux_udev.o
  AR(target) Release/obj.target/usb.a
  COPY Release/usb.a
  CXX(target) Release/obj.target/usb_bindings/src/node_usb.o
../src/node_usb.cc: In function ‘void handleHotplug(std::pair<libusb_device*, libusb_hotplug_event>)’:
../src/node_usb.cc:151:58: warning: ‘v8::Local<v8::Value> Nan::MakeCallback(v8::Local<v8::Object>, const char*, int, v8::Local<v8::Value>*)’ is deprecated [-Wdeprecated-declarations]
  Nan::MakeCallback(Nan::New(hotplugThis), "emit", 2, argv);
                                                          ^
In file included from ../src/helpers.h:3:0,
                 from ../src/node_usb.h:21,
                 from ../src/node_usb.cc:1:
../../nan/nan.h:1001:46: note: declared here
   NAN_DEPRECATED inline v8::Local<v8::Value> MakeCallback(
                                              ^~~~~~~~~~~~
  CXX(target) Release/obj.target/usb_bindings/src/device.o
../src/device.cc: In static member function ‘static void Req::default_after(uv_work_t*)’:
../src/device.cc:237:64: warning: ‘v8::Local<v8::Value> Nan::MakeCallback(v8::Local<v8::Object>, v8::Local<v8::Function>, int, v8::Local<v8::Value>*)’ is deprecated [-Wdeprecated-declarations]
    Nan::MakeCallback(device, Nan::New(baton->callback), 1, argv);
                                                                ^
In file included from ../src/helpers.h:3:0,
                 from ../src/node_usb.h:21,
                 from ../src/device.cc:1:
../../nan/nan.h:959:46: note: declared here
   NAN_DEPRECATED inline v8::Local<v8::Value> MakeCallback(
                                              ^~~~~~~~~~~~
  CXX(target) Release/obj.target/usb_bindings/src/transfer.o
../src/transfer.cc: In function ‘void handleCompletion(Transfer*)’:
../src/transfer.cc:126:72: warning: ‘v8::Local<v8::Value> Nan::MakeCallback(v8::Local<v8::Object>, v8::Local<v8::Function>, int, v8::Local<v8::Value>*)’ is deprecated [-Wdeprecated-declarations]
   Nan::MakeCallback(self->handle(), Nan::New(self->v8callback), 3, argv);
                                                                        ^
In file included from ../src/helpers.h:3:0,
                 from ../src/node_usb.h:21,
                 from ../src/transfer.cc:1:
../../nan/nan.h:959:46: note: declared here
   NAN_DEPRECATED inline v8::Local<v8::Value> MakeCallback(
                                              ^~~~~~~~~~~~
  SOLINK_MODULE(target) Release/obj.target/usb_bindings.node
  COPY Release/usb_bindings.node
  COPY /home/informix/node-red/node_modules/node-red-contrib-sensortag/node_modules/sensortag/node_modules/noble-device/node_modules/noble/node_modules/bluetooth-hci-socket/node_modules/usb/src/binding/usb_bindings.node
  TOUCH Release/obj.target/action_after_build.stamp
make: Leaving directory '/home/informix/node-red/node_modules/node-red-contrib-sensortag/node_modules/sensortag/node_modules/noble-device/node_modules/noble/node_modules/bluetooth-hci-socket/node_modules/usb/build'

> bluetooth-hci-socket@0.5.1 install /home/informix/node-red/node_modules/node-red-contrib-sensortag/node_modules/sensortag/node_modules/noble-device/node_modules/noble/node_modules/bluetooth-hci-socket
> node-gyp rebuild

make: Entering directory '/home/informix/node-red/node_modules/node-red-contrib-sensortag/node_modules/sensortag/node_modules/noble-device/node_modules/noble/node_modules/bluetooth-hci-socket/build'
  CXX(target) Release/obj.target/binding/src/BluetoothHciSocket.o
../src/BluetoothHciSocket.cpp: In member function ‘void BluetoothHciSocket::poll()’:
../src/BluetoothHciSocket.cpp:251:95: warning: ‘v8::Local<v8::Value> Nan::MakeCallback(v8::Local<v8::Object>, v8::Local<v8::String>, int, v8::Local<v8::Value>*)’ is deprecated [-Wdeprecated-declarations]
     Nan::MakeCallback(Nan::New<Object>(this->This), Nan::New("emit").ToLocalChecked(), 2, argv);
                                                                                               ^
In file included from ../src/BluetoothHciSocket.cpp:8:0:
../node_modules/nan/nan.h:980:46: note: declared here
   NAN_DEPRECATED inline v8::Local<v8::Value> MakeCallback(
                                              ^~~~~~~~~~~~
../src/BluetoothHciSocket.cpp: In member function ‘void BluetoothHciSocket::emitErrnoError()’:
../src/BluetoothHciSocket.cpp:275:72: warning: ‘v8::Local<v8::Object> v8::Function::NewInstance(int, v8::Local<v8::Value>*) const’ is deprecated: Use maybe version [-Wdeprecated-declarations]
   Local<Value> error = errorConstructor->NewInstance(1, constructorArgs);
                                                                        ^
In file included from /usr/include/nodejs/deps/v8/include/v8.h:26:0,
                 from /usr/include/nodejs/src/node.h:63,
                 from /usr/include/nodejs/src/node_buffer.h:25,
                 from ../src/BluetoothHciSocket.cpp:7:
/usr/include/nodejs/deps/v8/include/v8.h:3847:31: note: declared here
                 Local<Object> NewInstance(int argc, Local<Value> argv[]) const);
                               ^
/usr/include/nodejs/deps/v8/include/v8config.h:318:3: note: in definition of macro ‘V8_DEPRECATED’
   declarator __attribute__((deprecated(message)))
   ^~~~~~~~~~
../src/BluetoothHciSocket.cpp:282:93: warning: ‘v8::Local<v8::Value> Nan::MakeCallback(v8::Local<v8::Object>, v8::Local<v8::String>, int, v8::Local<v8::Value>*)’ is deprecated [-Wdeprecated-declarations]
   Nan::MakeCallback(Nan::New<Object>(this->This), Nan::New("emit").ToLocalChecked(), 2, argv);
                                                                                             ^
In file included from ../src/BluetoothHciSocket.cpp:8:0:
../node_modules/nan/nan.h:980:46: note: declared here
   NAN_DEPRECATED inline v8::Local<v8::Value> MakeCallback(
                                              ^~~~~~~~~~~~
  SOLINK_MODULE(target) Release/obj.target/binding.node
  COPY Release/binding.node
make: Leaving directory '/home/informix/node-red/node_modules/node-red-contrib-sensortag/node_modules/sensortag/node_modules/noble-device/node_modules/noble/node_modules/bluetooth-hci-socket/build'
node-red-contrib-sensortag@0.1.4 node_modules/node-red-contrib-sensortag
├── getmac@1.4.6 (editions@2.1.3, extract-opts@3.3.1)
└── sensortag@1.3.0 (noble-device@1.4.1)
(node:5897) [DEP0022] DeprecationWarning: os.tmpDir() is deprecated. Use os.tmpdir() instead.
npm WARN package.json node-red-contrib-graphs@0.3.5 license should be a valid SPDX license expression
npm WARN package.json node-red-contrib-scx-ibmiotapp@0.0.49 license should be a valid SPDX license expression
npm WARN package.json node-red-contrib-sensortag@0.1.4 license should be a valid SPDX license expression
npm WARN package.json node-red-contrib-timeseries@1.0.1 license should be a valid SPDX license expression
iot-gateway-kit-misc@0.1.0 node_modules/iot-gateway-kit-misc
           Stop:  Wed Jan 9 13:26:23 CST 2019
