     --------------------------------------------------
          Informix Product
     --------------------------------------------------
          Start:  Wed Jan 9 13:28:25 CST 2019
bundle.properties
CSDK/
CSDK/UNIX/
CSDK/UNIX/doc/
CSDK/UNIX/doc/csdk_lux_relnotes.html
CSDK/UNIX/doc/csdk_win_relnotes.html
CSDK/UNIX/doc/CPP_4.1
CSDK/UNIX/doc/Gls_relnotes_4.10.html
CSDK/UNIX/doc/Glsapi_machine_notes_4.10.txt
CSDK/UNIX/doc/ESQLC_machine_notes_4.10.txt
CSDK/UNIX/doc/Odbc_machine_notes_4.10.txt
CSDK/UNIX/doc/Client_install_guide.pdf
ICONNECT/
ICONNECT/UNIX/
ICONNECT/UNIX/doc/
ICONNECT/UNIX/doc/csdk_lux_relnotes.html
ICONNECT/UNIX/doc/csdk_win_relnotes.html
ICONNECT/UNIX/doc/CPP_4.1
ICONNECT/UNIX/doc/Gls_relnotes_4.10.html
ICONNECT/UNIX/doc/Glsapi_machine_notes_4.10.txt
ICONNECT/UNIX/doc/ESQLC_machine_notes_4.10.txt
ICONNECT/UNIX/doc/Odbc_machine_notes_4.10.txt
ICONNECT/UNIX/doc/Client_install_guide.pdf
ids_install
JDBC/
JDBC/quickstart/
JDBC/quickstart/quickstart.md
JDBC/doc/
JDBC/doc/jdbcrel.htm
JDBC/doc/javadoc/
JDBC/doc/javadoc/META-INF/
JDBC/doc/javadoc/META-INF/MANIFEST.MF
JDBC/doc/javadoc/allclasses-frame.html
JDBC/doc/javadoc/allclasses-noframe.html
JDBC/doc/javadoc/com/
JDBC/doc/javadoc/com/informix/
JDBC/doc/javadoc/com/informix/asf/
JDBC/doc/javadoc/com/informix/asf/CSMBufferedInputStream.html
JDBC/doc/javadoc/com/informix/asf/CSMBufferedOutputStream.html
JDBC/doc/javadoc/com/informix/asf/CSMspwd.html
JDBC/doc/javadoc/com/informix/asf/Connection.html
JDBC/doc/javadoc/com/informix/asf/HttpBufferedInputStream.html
JDBC/doc/javadoc/com/informix/asf/HttpBufferedOutputStream.html
JDBC/doc/javadoc/com/informix/asf/HttpConnection.html
JDBC/doc/javadoc/com/informix/asf/IfxASFException.html
JDBC/doc/javadoc/com/informix/asf/IfxASFRemoteException.html
JDBC/doc/javadoc/com/informix/asf/IfxDataInputStream.html
JDBC/doc/javadoc/com/informix/asf/IfxDataOutputStream.html
JDBC/doc/javadoc/com/informix/asf/IfxDebugDataInputStream.html
JDBC/doc/javadoc/com/informix/asf/IfxDebugDataOutputStream.html
JDBC/doc/javadoc/com/informix/asf/JnsObject.html
JDBC/doc/javadoc/com/informix/asf/SqliDbg.html
JDBC/doc/javadoc/com/informix/asf/package-frame.html
JDBC/doc/javadoc/com/informix/asf/package-summary.html
JDBC/doc/javadoc/com/informix/asf/package-tree.html
JDBC/doc/javadoc/com/informix/bson/
JDBC/doc/javadoc/com/informix/bson/DBPointer.html
JDBC/doc/javadoc/com/informix/bson/DBRef.html
JDBC/doc/javadoc/com/informix/bson/DBRefBase.html
JDBC/doc/javadoc/com/informix/bson/package-frame.html
JDBC/doc/javadoc/com/informix/bson/package-summary.html
JDBC/doc/javadoc/com/informix/bson/package-tree.html
JDBC/doc/javadoc/com/informix/csm/
JDBC/doc/javadoc/com/informix/csm/IfxCSSException.html
JDBC/doc/javadoc/com/informix/csm/IfxCsm.AbortInfo.html
JDBC/doc/javadoc/com/informix/csm/IfxCsm.Credentials.html
JDBC/doc/javadoc/com/informix/csm/IfxCsm.Status.html
JDBC/doc/javadoc/com/informix/csm/IfxCsm.html
JDBC/doc/javadoc/com/informix/csm/IfxCsmBuffer.html
JDBC/doc/javadoc/com/informix/csm/IfxCsmContext.html
JDBC/doc/javadoc/com/informix/csm/IfxCsmDescriptor.html
JDBC/doc/javadoc/com/informix/csm/IfxCsmException.html
JDBC/doc/javadoc/com/informix/csm/IfxCsmReadBuffer.html
JDBC/doc/javadoc/com/informix/csm/IfxCss.html
JDBC/doc/javadoc/com/informix/csm/IfxCssInputStream.html
JDBC/doc/javadoc/com/informix/csm/IfxCssOutputStream.html
JDBC/doc/javadoc/com/informix/csm/crypto/
JDBC/doc/javadoc/com/informix/csm/crypto/IfxEncCsm.html
JDBC/doc/javadoc/com/informix/csm/crypto/IfxGssCsm.html
JDBC/doc/javadoc/com/informix/csm/crypto/package-frame.html
JDBC/doc/javadoc/com/informix/csm/crypto/package-summary.html
JDBC/doc/javadoc/com/informix/csm/crypto/package-tree.html
JDBC/doc/javadoc/com/informix/csm/package-frame.html
JDBC/doc/javadoc/com/informix/csm/package-summary.html
JDBC/doc/javadoc/com/informix/csm/package-tree.html
JDBC/doc/javadoc/com/informix/jdbc/
JDBC/doc/javadoc/com/informix/jdbc/Connection2.html
JDBC/doc/javadoc/com/informix/jdbc/Crypto.html
JDBC/doc/javadoc/com/informix/jdbc/Gsscsm.html
JDBC/doc/javadoc/com/informix/jdbc/IfmxCallableStatement.html
JDBC/doc/javadoc/com/informix/jdbc/IfmxComplexSQLInput.html
JDBC/doc/javadoc/com/informix/jdbc/IfmxComplexSQLOutput.html
JDBC/doc/javadoc/com/informix/jdbc/IfmxConnection.html
JDBC/doc/javadoc/com/informix/jdbc/IfmxPAM.html
JDBC/doc/javadoc/com/informix/jdbc/IfmxParameterMetaData.html
JDBC/doc/javadoc/com/informix/jdbc/IfmxPreparedStatement.html
JDBC/doc/javadoc/com/informix/jdbc/IfmxResultSet.html
JDBC/doc/javadoc/com/informix/jdbc/IfmxResultSetMetaData.html
JDBC/doc/javadoc/com/informix/jdbc/IfmxSavepoint.html
JDBC/doc/javadoc/com/informix/jdbc/IfmxStatement.html
JDBC/doc/javadoc/com/informix/jdbc/IfmxUDTSQLInput.html
JDBC/doc/javadoc/com/informix/jdbc/IfmxUDTSQLOutput.html
JDBC/doc/javadoc/com/informix/jdbc/IfxArray.html
JDBC/doc/javadoc/com/informix/jdbc/IfxBSONObject.html
JDBC/doc/javadoc/com/informix/jdbc/IfxBblob.html
JDBC/doc/javadoc/com/informix/jdbc/IfxBigInt.html
JDBC/doc/javadoc/com/informix/jdbc/IfxBlob.html
JDBC/doc/javadoc/com/informix/jdbc/IfxByteArrayInputStream.html
JDBC/doc/javadoc/com/informix/jdbc/IfxCallableStatement.html
JDBC/doc/javadoc/com/informix/jdbc/IfxCblob.html
JDBC/doc/javadoc/com/informix/jdbc/IfxChar.html
JDBC/doc/javadoc/com/informix/jdbc/IfxClientResultSet.html
JDBC/doc/javadoc/com/informix/jdbc/IfxCollection.html
JDBC/doc/javadoc/com/informix/jdbc/IfxColumnInfo.html
JDBC/doc/javadoc/com/informix/jdbc/IfxComplex.html
JDBC/doc/javadoc/com/informix/jdbc/IfxComplexInput.html
JDBC/doc/javadoc/com/informix/jdbc/IfxComplexOutput.html
JDBC/doc/javadoc/com/informix/jdbc/IfxConnection.html
JDBC/doc/javadoc/com/informix/jdbc/IfxConnectionProperty.html
JDBC/doc/javadoc/com/informix/jdbc/IfxDatabaseMetaData.html
JDBC/doc/javadoc/com/informix/jdbc/IfxDate.html
JDBC/doc/javadoc/com/informix/jdbc/IfxDateTime.html
JDBC/doc/javadoc/com/informix/jdbc/IfxDecimal.html
JDBC/doc/javadoc/com/informix/jdbc/IfxDriver.html
JDBC/doc/javadoc/com/informix/jdbc/IfxFloat.html
JDBC/doc/javadoc/com/informix/jdbc/IfxImpExp.html
JDBC/doc/javadoc/com/informix/jdbc/IfxInputStream.html
JDBC/doc/javadoc/com/informix/jdbc/IfxInt8.html
JDBC/doc/javadoc/com/informix/jdbc/IfxInteger.html
JDBC/doc/javadoc/com/informix/jdbc/IfxIntervalDF.html
JDBC/doc/javadoc/com/informix/jdbc/IfxIntervalYM.html
JDBC/doc/javadoc/com/informix/jdbc/IfxJSON.html
JDBC/doc/javadoc/com/informix/jdbc/IfxLoStat.html
JDBC/doc/javadoc/com/informix/jdbc/IfxLobDescriptor.html
JDBC/doc/javadoc/com/informix/jdbc/IfxLobInputStream.html
JDBC/doc/javadoc/com/informix/jdbc/IfxLocales.html
JDBC/doc/javadoc/com/informix/jdbc/IfxLocator.html
JDBC/doc/javadoc/com/informix/jdbc/IfxLvarchar.html
JDBC/doc/javadoc/com/informix/jdbc/IfxMessageTypes.html
JDBC/doc/javadoc/com/informix/jdbc/IfxNativeSQL.html
JDBC/doc/javadoc/com/informix/jdbc/IfxObject.html
JDBC/doc/javadoc/com/informix/jdbc/IfxOutputStream.html
JDBC/doc/javadoc/com/informix/jdbc/IfxPAMChallenge.html
JDBC/doc/javadoc/com/informix/jdbc/IfxPAMResponse.html
JDBC/doc/javadoc/com/informix/jdbc/IfxParameterMetaData.html
JDBC/doc/javadoc/com/informix/jdbc/IfxPreparedStatement.html
JDBC/doc/javadoc/com/informix/jdbc/IfxProtocol.html
JDBC/doc/javadoc/com/informix/jdbc/IfxResultSet.html
JDBC/doc/javadoc/com/informix/jdbc/IfxResultSetMetaData.html
JDBC/doc/javadoc/com/informix/jdbc/IfxRow.html
JDBC/doc/javadoc/com/informix/jdbc/IfxSavepoint.html
JDBC/doc/javadoc/com/informix/jdbc/IfxScrollableResultSet.html
JDBC/doc/javadoc/com/informix/jdbc/IfxShort.html
JDBC/doc/javadoc/com/informix/jdbc/IfxSmBlob.html
JDBC/doc/javadoc/com/informix/jdbc/IfxSmallFloat.html
JDBC/doc/javadoc/com/informix/jdbc/IfxSmartBlob.html
JDBC/doc/javadoc/com/informix/jdbc/IfxSqli.html
JDBC/doc/javadoc/com/informix/jdbc/IfxSqliConnect.html
JDBC/doc/javadoc/com/informix/jdbc/IfxStatement.html
JDBC/doc/javadoc/com/informix/jdbc/IfxStatementTypes.html
JDBC/doc/javadoc/com/informix/jdbc/IfxString.html
JDBC/doc/javadoc/com/informix/jdbc/IfxStruct.html
JDBC/doc/javadoc/com/informix/jdbc/IfxTmpFile.html
JDBC/doc/javadoc/com/informix/jdbc/IfxUDTInfo.html
JDBC/doc/javadoc/com/informix/jdbc/IfxUDTInput.html
JDBC/doc/javadoc/com/informix/jdbc/IfxUDTOutput.html
JDBC/doc/javadoc/com/informix/jdbc/IfxUpdateResultSet.html
JDBC/doc/javadoc/com/informix/jdbc/IfxVarChar.html
JDBC/doc/javadoc/com/informix/jdbc/Message.html
JDBC/doc/javadoc/com/informix/jdbc/ParameterMetaData2.html
JDBC/doc/javadoc/com/informix/jdbc/PreparedStatement2.html
JDBC/doc/javadoc/com/informix/jdbc/PreparedStatementCache.html
JDBC/doc/javadoc/com/informix/jdbc/ResultSet2.html
JDBC/doc/javadoc/com/informix/jdbc/SQLUDTInput.html
JDBC/doc/javadoc/com/informix/jdbc/SQLUDTOutput.html
JDBC/doc/javadoc/com/informix/jdbc/UDTSQLData.html
JDBC/doc/javadoc/com/informix/jdbc/Version.html
JDBC/doc/javadoc/com/informix/jdbc/Version2.html
JDBC/doc/javadoc/com/informix/jdbc/package-frame.html
JDBC/doc/javadoc/com/informix/jdbc/package-summary.html
JDBC/doc/javadoc/com/informix/jdbc/package-tree.html
JDBC/doc/javadoc/com/informix/jdbcx/
JDBC/doc/javadoc/com/informix/jdbcx/IfmxConnectedRowSet.html
JDBC/doc/javadoc/com/informix/jdbcx/IfxConnectionEventListener.html
JDBC/doc/javadoc/com/informix/jdbcx/IfxConnectionPoolDataSource.html
JDBC/doc/javadoc/com/informix/jdbcx/IfxConnectionPoolDataSourceFactory.html
JDBC/doc/javadoc/com/informix/jdbcx/IfxConnectionPoolManager.html
JDBC/doc/javadoc/com/informix/jdbcx/IfxCoreDataSource.html
JDBC/doc/javadoc/com/informix/jdbcx/IfxDataSource.html
JDBC/doc/javadoc/com/informix/jdbcx/IfxDataSourceFactory.html
JDBC/doc/javadoc/com/informix/jdbcx/IfxPooledConnection.html
JDBC/doc/javadoc/com/informix/jdbcx/IfxReUsableConnection.html
JDBC/doc/javadoc/com/informix/jdbcx/IfxSqliConnReUsableConnection.html
JDBC/doc/javadoc/com/informix/jdbcx/IfxXADataSource.html
JDBC/doc/javadoc/com/informix/jdbcx/IfxXADataSourceFactory.html
JDBC/doc/javadoc/com/informix/jdbcx/IfxXAResource.html
JDBC/doc/javadoc/com/informix/jdbcx/IfxXAReusableConnection.html
JDBC/doc/javadoc/com/informix/jdbcx/IfxXASqli.html
JDBC/doc/javadoc/com/informix/jdbcx/IfxXMessageTypes.html
JDBC/doc/javadoc/com/informix/jdbcx/IfxXid.html
JDBC/doc/javadoc/com/informix/jdbcx/package-frame.html
JDBC/doc/javadoc/com/informix/jdbcx/package-summary.html
JDBC/doc/javadoc/com/informix/jdbcx/package-tree.html
JDBC/doc/javadoc/com/informix/jns/
JDBC/doc/javadoc/com/informix/jns/FileSqlhosts.html
JDBC/doc/javadoc/com/informix/jns/IfxJNSException.html
JDBC/doc/javadoc/com/informix/jns/Jnstool.html
JDBC/doc/javadoc/com/informix/jns/LdapSqlhosts.html
JDBC/doc/javadoc/com/informix/jns/OptsTokenizer.html
JDBC/doc/javadoc/com/informix/jns/ServerGroup.html
JDBC/doc/javadoc/com/informix/jns/ServerInfo.html
JDBC/doc/javadoc/com/informix/jns/Sqlhosts.html
JDBC/doc/javadoc/com/informix/jns/package-frame.html
JDBC/doc/javadoc/com/informix/jns/package-summary.html
JDBC/doc/javadoc/com/informix/jns/package-tree.html
JDBC/doc/javadoc/com/informix/json/
JDBC/doc/javadoc/com/informix/json/AbstractObjectSerializer.html
JDBC/doc/javadoc/com/informix/json/Base64Codec.html
JDBC/doc/javadoc/com/informix/json/Bytes.OptionHolder.html
JDBC/doc/javadoc/com/informix/json/Bytes.html
JDBC/doc/javadoc/com/informix/json/ClassMapBasedObjectSerializer.html
JDBC/doc/javadoc/com/informix/json/JSON.html
JDBC/doc/javadoc/com/informix/json/JSONCallback.html
JDBC/doc/javadoc/com/informix/json/JSONParseException.html
JDBC/doc/javadoc/com/informix/json/JSONSerializer.Builder.html
JDBC/doc/javadoc/com/informix/json/JSONSerializer.Configuration.html
JDBC/doc/javadoc/com/informix/json/JSONSerializer.html
JDBC/doc/javadoc/com/informix/json/JSONSerializers.html
JDBC/doc/javadoc/com/informix/json/ObjectSerializer.html
JDBC/doc/javadoc/com/informix/json/package-frame.html
JDBC/doc/javadoc/com/informix/json/package-summary.html
JDBC/doc/javadoc/com/informix/json/package-tree.html
JDBC/doc/javadoc/com/informix/lang/
JDBC/doc/javadoc/com/informix/lang/Decimal.html
JDBC/doc/javadoc/com/informix/lang/IfxToJavaType.html
JDBC/doc/javadoc/com/informix/lang/IfxTypes.html
JDBC/doc/javadoc/com/informix/lang/Interval.html
JDBC/doc/javadoc/com/informix/lang/IntervalDF.html
JDBC/doc/javadoc/com/informix/lang/IntervalYM.html
JDBC/doc/javadoc/com/informix/lang/JavaToIfxType.html
JDBC/doc/javadoc/com/informix/lang/Types2.html
JDBC/doc/javadoc/com/informix/lang/package-frame.html
JDBC/doc/javadoc/com/informix/lang/package-summary.html
JDBC/doc/javadoc/com/informix/lang/package-tree.html
JDBC/doc/javadoc/com/informix/smartTrigger/
JDBC/doc/javadoc/com/informix/smartTrigger/IfmxSmartTriggerCallback.html
JDBC/doc/javadoc/com/informix/smartTrigger/IfmxThreadedSmartTrigger.html
JDBC/doc/javadoc/com/informix/smartTrigger/IfxSmartTrigger.html
JDBC/doc/javadoc/com/informix/smartTrigger/SmartTriggerOperations.html
JDBC/doc/javadoc/com/informix/smartTrigger/package-frame.html
JDBC/doc/javadoc/com/informix/smartTrigger/package-summary.html
JDBC/doc/javadoc/com/informix/smartTrigger/package-tree.html
JDBC/doc/javadoc/com/informix/util/
JDBC/doc/javadoc/com/informix/util/AdvancedProperties.html
JDBC/doc/javadoc/com/informix/util/AdvancedUppercaseProperties.html
JDBC/doc/javadoc/com/informix/util/BundleMap.bundleMap.html
JDBC/doc/javadoc/com/informix/util/BundleMap.html
JDBC/doc/javadoc/com/informix/util/DelayedWeakReference.html
JDBC/doc/javadoc/com/informix/util/IfxByteArrayOutputStream.html
JDBC/doc/javadoc/com/informix/util/IfxErrMsg.html
JDBC/doc/javadoc/com/informix/util/IfxMap.html
JDBC/doc/javadoc/com/informix/util/IfxWarnMsg.html
JDBC/doc/javadoc/com/informix/util/InformixUrl.html
JDBC/doc/javadoc/com/informix/util/JDBCProxyParameters.html
JDBC/doc/javadoc/com/informix/util/JdbcLegacyLogFormatter.html
JDBC/doc/javadoc/com/informix/util/JdbcLogFormatter.html
JDBC/doc/javadoc/com/informix/util/MsgEncrypt.html
JDBC/doc/javadoc/com/informix/util/Trace.html
JDBC/doc/javadoc/com/informix/util/TraceFlag.html
JDBC/doc/javadoc/com/informix/util/dateUtil.html
JDBC/doc/javadoc/com/informix/util/memoryUtil.html
JDBC/doc/javadoc/com/informix/util/package-frame.html
JDBC/doc/javadoc/com/informix/util/package-summary.html
JDBC/doc/javadoc/com/informix/util/package-tree.html
JDBC/doc/javadoc/com/informix/util/stringUtil.html
JDBC/doc/javadoc/constant-values.html
JDBC/doc/javadoc/deprecated-list.html
JDBC/doc/javadoc/help-doc.html
JDBC/doc/javadoc/index-all.html
JDBC/doc/javadoc/index.html
JDBC/doc/javadoc/overview-frame.html
JDBC/doc/javadoc/overview-summary.html
JDBC/doc/javadoc/overview-tree.html
JDBC/doc/javadoc/package-list
JDBC/doc/javadoc/script.js
JDBC/doc/javadoc/serialized-form.html
JDBC/doc/javadoc/stylesheet.css
JDBC/doc/release/
JDBC/doc/release/jdbcrel.htm
JDBC/properties/
JDBC/properties/version/
JDBC/properties/version/IBM_Informix_JDBC_Driver_Embedded_SQL-4.10.0.swtag
README.html
SERVER/
SERVER/onsecurity
SERVER/doc/
SERVER/doc/ids_machine_notes_12.10.txt
SERVER/doc/ids_unix_relnotes_12.10.html
SERVER/doc/notesstyle.css
SERVER/doc/ids_unix_installg_12.10.pdf
           Stop:  Wed Jan 9 13:36:07 CST 2019
