	       Stop:  Thu Jun 11 06:51:54 CDT 2015
	Stop:  Thu Jun 11 06:51:54 CDT 2015
################################################
  Starting iot Service
################################################
	Start:  Thu Jun 11 06:51:54 CDT 2015
	Stop:  Thu Jun 11 06:51:55 CDT 2015
	       Stop:  Thu Jun 11 07:06:27 CDT 2015
	Stop:  Thu Jun 11 07:06:28 CDT 2015
################################################
  Starting iot Service
################################################
	Start:  Thu Jun 11 07:06:28 CDT 2015
	Stop:  Thu Jun 11 07:06:28 CDT 2015
	       Stop:  Thu Jun 11 07:45:20 CDT 2015
	Stop:  Thu Jun 11 07:45:20 CDT 2015
################################################
  Starting iot Service
################################################
	Start:  Thu Jun 11 07:45:20 CDT 2015
	Stop:  Thu Jun 11 07:45:20 CDT 2015
	       Stop:  Thu Jun 11 07:53:20 CDT 2015
	Stop:  Thu Jun 11 07:53:20 CDT 2015
################################################
  Starting iot Service
################################################
	Start:  Thu Jun 11 07:53:20 CDT 2015
	Stop:  Thu Jun 11 07:53:20 CDT 2015
