     ----------------------------------------
          Copy Program Files
     ----------------------------------------
          Start:  Tue 22 Aug 19:34:17 UTC 2017
           Stop:  Tue 22 Aug 19:34:18 UTC 2017
     ----------------------------------------
          Components
     ----------------------------------------
          Start:  Tue 22 Aug 19:34:18 UTC 2017
Reading package lists...
Building dependency tree...
Reading state information...
bluez is already the newest version.
libbluetooth-dev is already the newest version.
0 upgraded, 0 newly installed, 0 to remove and 46 not upgraded.
npm WARN checkPermissions Missing write access to /home/informix/node-red/node_modules
/home/informix/node-red
└─┬ sensortag@1.3.0 
  └─┬ noble-device@1.4.1 
    └─┬ noble@1.8.1 
      ├─┬ bluetooth-hci-socket@0.5.1 
      │ ├── nan@2.6.2 
      │ └─┬ usb@1.2.0 
      │   └─┬ node-pre-gyp@0.6.30 
      │     ├─┬ mkdirp@0.5.1 
      │     │ └── minimist@0.0.8 
      │     ├─┬ nopt@3.0.6 
      │     │ └── abbrev@1.0.9 
      │     ├─┬ npmlog@4.0.0 
      │     │ ├─┬ are-we-there-yet@1.1.2 
      │     │ │ ├── delegates@1.0.0 
      │     │ │ └─┬ readable-stream@2.1.5 
      │     │ │   ├── buffer-shims@1.0.0 
      │     │ │   ├── core-util-is@1.0.2 
      │     │ │   ├── inherits@2.0.1 
      │     │ │   ├── isarray@1.0.0 
      │     │ │   ├── process-nextick-args@1.0.7 
      │     │ │   ├── string_decoder@0.10.31 
      │     │ │   └── util-deprecate@1.0.2 
      │     │ ├── console-control-strings@1.1.0 
      │     │ ├─┬ gauge@2.6.0 
      │     │ │ ├── aproba@1.0.4 
      │     │ │ ├── has-color@0.1.7 
      │     │ │ ├── has-unicode@2.0.1 
      │     │ │ ├── object-assign@4.1.0 
      │     │ │ ├── signal-exit@3.0.0 
      │     │ │ ├─┬ string-width@1.0.2 
      │     │ │ │ ├─┬ code-point-at@1.0.0 
      │     │ │ │ │ └── number-is-nan@1.0.0 
      │     │ │ │ └─┬ is-fullwidth-code-point@1.0.0 
      │     │ │ │   └── number-is-nan@1.0.0 
      │     │ │ ├─┬ strip-ansi@3.0.1 
      │     │ │ │ └── ansi-regex@2.0.0 
      │     │ │ └── wide-align@1.1.0 
      │     │ └── set-blocking@2.0.0 
      │     ├─┬ rc@1.1.6 
      │     │ ├── deep-extend@0.4.1 
      │     │ ├── ini@1.3.4 
      │     │ ├── minimist@1.2.0 
      │     │ └── strip-json-comments@1.0.4 
      │     ├─┬ request@2.74.0 
      │     │ ├── aws-sign2@0.6.0 
      │     │ ├── aws4@1.4.1 
      │     │ ├─┬ bl@1.1.2 
      │     │ │ └─┬ readable-stream@2.0.6 
      │     │ │   ├── core-util-is@1.0.2 
      │     │ │   ├── inherits@2.0.1 
      │     │ │   ├── isarray@1.0.0 
      │     │ │   ├── process-nextick-args@1.0.7 
      │     │ │   ├── string_decoder@0.10.31 
      │     │ │   └── util-deprecate@1.0.2 
      │     │ ├── caseless@0.11.0 
      │     │ ├─┬ combined-stream@1.0.5 
      │     │ │ └── delayed-stream@1.0.0 
      │     │ ├── extend@3.0.0 
      │     │ ├── forever-agent@0.6.1 
      │     │ ├─┬ form-data@1.0.1 
      │     │ │ └─┬ async@2.0.1 
      │     │ │   └── lodash@4.15.0 
      │     │ ├─┬ har-validator@2.0.6 
      │     │ │ ├─┬ chalk@1.1.3 
      │     │ │ │ ├── ansi-styles@2.2.1 
      │     │ │ │ ├── escape-string-regexp@1.0.5 
      │     │ │ │ ├─┬ has-ansi@2.0.0 
      │     │ │ │ │ └── ansi-regex@2.0.0 
      │     │ │ │ ├─┬ strip-ansi@3.0.1 
      │     │ │ │ │ └── ansi-regex@2.0.0 
      │     │ │ │ └── supports-color@2.0.0 
      │     │ │ ├─┬ commander@2.9.0 
      │     │ │ │ └── graceful-readlink@1.0.1 
      │     │ │ ├─┬ is-my-json-valid@2.13.1 
      │     │ │ │ ├── generate-function@2.0.0 
      │     │ │ │ ├─┬ generate-object-property@1.2.0 
      │     │ │ │ │ └── is-property@1.0.2 
      │     │ │ │ ├── jsonpointer@2.0.0 
      │     │ │ │ └── xtend@4.0.1 
      │     │ │ └─┬ pinkie-promise@2.0.1 
      │     │ │   └── pinkie@2.0.4 
      │     │ ├─┬ hawk@3.1.3 
      │     │ │ ├── boom@2.10.1 
      │     │ │ ├── cryptiles@2.0.5 
      │     │ │ ├── hoek@2.16.3 
      │     │ │ └── sntp@1.0.9 
      │     │ ├─┬ http-signature@1.1.1 
      │     │ │ ├── assert-plus@0.2.0 
      │     │ │ ├─┬ jsprim@1.3.0 
      │     │ │ │ ├── extsprintf@1.0.2 
      │     │ │ │ ├── json-schema@0.2.2 
      │     │ │ │ └── verror@1.3.6 
      │     │ │ └─┬ sshpk@1.10.0 
      │     │ │   ├── asn1@0.2.3 
      │     │ │   ├── assert-plus@1.0.0 
      │     │ │   ├─┬ bcrypt-pbkdf@1.0.0 
      │     │ │   │ └── tweetnacl@0.14.3 
      │     │ │   ├── dashdash@1.14.0 
      │     │ │   ├── ecc-jsbn@0.1.1 
      │     │ │   ├── getpass@0.1.6 
      │     │ │   ├── jodid25519@1.0.2 
      │     │ │   ├── jsbn@0.1.0 
      │     │ │   └── tweetnacl@0.13.3 
      │     │ ├── is-typedarray@1.0.0 
      │     │ ├── isstream@0.1.2 
      │     │ ├── json-stringify-safe@5.0.1 
      │     │ ├─┬ mime-types@2.1.11 
      │     │ │ └── mime-db@1.23.0 
      │     │ ├── node-uuid@1.4.7 
      │     │ ├── oauth-sign@0.8.2 
      │     │ ├── qs@6.2.1 
      │     │ ├── stringstream@0.0.5 
      │     │ ├── tough-cookie@2.3.1 
      │     │ └── tunnel-agent@0.4.3 
      │     ├─┬ rimraf@2.5.4 
      │     │ └─┬ glob@7.0.6 
      │     │   ├── fs.realpath@1.0.0 
      │     │   ├─┬ inflight@1.0.5 
      │     │   │ └── wrappy@1.0.2 
      │     │   ├── inherits@2.0.1 
      │     │   ├─┬ minimatch@3.0.3 
      │     │   │ └─┬ brace-expansion@1.1.6 
      │     │   │   ├── balanced-match@0.4.2 
      │     │   │   └── concat-map@0.0.1 
      │     │   ├─┬ once@1.3.3 
      │     │   │ └── wrappy@1.0.2 
      │     │   └── path-is-absolute@1.0.0 
      │     ├── semver@5.3.0 
      │     ├─┬ tar@2.2.1 
      │     │ ├── block-stream@0.0.9 
      │     │ ├─┬ fstream@1.0.10 
      │     │ │ └── graceful-fs@4.1.6 
      │     │ └── inherits@2.0.1 
      │     └─┬ tar-pack@3.1.4 
      │       ├─┬ debug@2.2.0 
      │       │ └── ms@0.7.1 
      │       ├─┬ fstream@1.0.10 
      │       │ ├── graceful-fs@4.1.6 
      │       │ └── inherits@2.0.1 
      │       ├─┬ fstream-ignore@1.0.5 
      │       │ ├── inherits@2.0.1 
      │       │ └─┬ minimatch@3.0.3 
      │       │   └─┬ brace-expansion@1.1.6 
      │       │     ├── balanced-match@0.4.2 
      │       │     └── concat-map@0.0.1 
      │       ├─┬ once@1.3.3 
      │       │ └── wrappy@1.0.2 
      │       ├─┬ readable-stream@2.1.5 
      │       │ ├── buffer-shims@1.0.0 
      │       │ ├── core-util-is@1.0.2 
      │       │ ├── inherits@2.0.1 
      │       │ ├── isarray@1.0.0 
      │       │ ├── process-nextick-args@1.0.7 
      │       │ ├── string_decoder@0.10.31 
      │       │ └── util-deprecate@1.0.2 
      │       └── uid-number@0.0.6 
      ├── bplist-parser@0.0.6 
      └─┬ debug@2.2.0 
        └── ms@0.7.1 

npm WARN optional SKIPPING OPTIONAL DEPENDENCY: xpc-connection@~0.1.4 (node_modules/noble/node_modules/xpc-connection):
npm WARN notsup SKIPPING OPTIONAL DEPENDENCY: Unsupported platform for xpc-connection@0.1.4: wanted {"os":"darwin","arch":"any"} (current: {"os":"linux","arch":"arm"})
npm WARN enoent ENOENT: no such file or directory, open '/home/informix/node-red/package.json'
npm WARN enoent ENOENT: no such file or directory, open '/home/informix/node-red/node_modules/node-red-contrib-graphs/package.json'
npm WARN node-red No description
npm WARN node-red No repository field.
npm WARN node-red No README data
npm WARN node-red No license field.
npm ERR! Linux 4.9.35-v7+
npm ERR! argv "/usr/bin/nodejs" "/usr/bin/npm" "install" "sensortag" "-y"
npm ERR! node v6.11.2
npm ERR! npm  v3.10.10
npm ERR! path /home/informix/node-red/node_modules
npm ERR! code EACCES
npm ERR! errno -13
npm ERR! syscall access

npm ERR! Error: EACCES: permission denied, access '/home/informix/node-red/node_modules'
npm ERR!     at Error (native)
npm ERR!  { Error: EACCES: permission denied, access '/home/informix/node-red/node_modules'
npm ERR!     at Error (native)
npm ERR!   errno: -13,
npm ERR!   code: 'EACCES',
npm ERR!   syscall: 'access',
npm ERR!   path: '/home/informix/node-red/node_modules' }
npm ERR! 
npm ERR! Please try running this command again as root/Administrator.
npm ERR! Linux 4.9.35-v7+
npm ERR! argv "/usr/bin/nodejs" "/usr/bin/npm" "install" "sensortag" "-y"
npm ERR! node v6.11.2
npm ERR! npm  v3.10.10
npm ERR! path npm-debug.log.1587582921
npm ERR! code EACCES
npm ERR! errno -13
npm ERR! syscall open

npm ERR! Error: EACCES: permission denied, open 'npm-debug.log.1587582921'
npm ERR!     at Error (native)
npm ERR!  { Error: EACCES: permission denied, open 'npm-debug.log.1587582921'
npm ERR!     at Error (native)
npm ERR!   errno: -13,
npm ERR!   code: 'EACCES',
npm ERR!   syscall: 'open',
npm ERR!   path: 'npm-debug.log.1587582921' }
npm ERR! 
npm ERR! Please try running this command again as root/Administrator.

npm ERR! Please include the following file with any support request:
npm ERR!     /home/informix/node-red/npm-debug.log
/home/informix/node-red
└── getmac@1.2.1 

npm WARN enoent ENOENT: no such file or directory, open '/home/informix/node-red/package.json'
npm WARN enoent ENOENT: no such file or directory, open '/home/informix/node-red/node_modules/node-red-contrib-graphs/package.json'
npm WARN node-red No description
npm WARN node-red No repository field.
npm WARN node-red No README data
npm WARN node-red No license field.
           Stop:  Tue 22 Aug 19:35:37 UTC 2017
