     ----------------------------------------
          init.d
     ----------------------------------------
          Start:  Tue 22 Aug 19:45:49 UTC 2017
           Stop:  Tue 22 Aug 19:45:53 UTC 2017
     ----------------------------------------
          inf.env
     ----------------------------------------
          Start:  Tue 22 Aug 19:45:53 UTC 2017
           Stop:  Tue 22 Aug 19:45:54 UTC 2017
     ----------------------------------------
          ONCONFIG
     ----------------------------------------
          Start:  Tue 22 Aug 19:45:54 UTC 2017
           Stop:  Tue 22 Aug 19:45:54 UTC 2017
     ----------------------------------------
          SQLHOSTS
     ----------------------------------------
          Start:  Tue 22 Aug 19:45:55 UTC 2017
           Stop:  Tue 22 Aug 19:45:55 UTC 2017
     ----------------------------------------
          sch_init_iotkit
     ----------------------------------------
          Start:  Tue 22 Aug 19:45:55 UTC 2017
           Stop:  Tue 22 Aug 19:45:56 UTC 2017
     ----------------------------------------
          mongo.properties
     ----------------------------------------
          Start:  Tue 22 Aug 19:45:56 UTC 2017
           Stop:  Tue 22 Aug 19:45:56 UTC 2017
     ----------------------------------------
          rest.properties
     ----------------------------------------
          Start:  Tue 22 Aug 19:45:57 UTC 2017
           Stop:  Tue 22 Aug 19:45:57 UTC 2017
     ----------------------------------------
          iotkitlink
     ----------------------------------------
          Start:  Tue 22 Aug 19:45:57 UTC 2017
           Stop:  Tue 22 Aug 19:45:57 UTC 2017
     ----------------------------------------
          Start Informix
     ----------------------------------------
          Start:  Tue 22 Aug 19:45:58 UTC 2017
Warning: Parameter's user-configured value was adjusted. (DS_TOTAL_MEMORY)
Warning: Parameter's user-configured value was adjusted. (DS_MAX_SCANS)
Warning: Parameter's user-configured value was adjusted. (ONLIDX_MAXMEM)
oninit: Fatal error in shared memory creation

WARNING: server initialization failed or timed out.
Check the message log, online.log, for errors.
           Stop:  Tue 22 Aug 19:45:59 UTC 2017
     ----------------------------------------
          Setup Instance
     ----------------------------------------
          Start:  Tue 22 Aug 19:45:59 UTC 2017

Database selected.


Database dropped.


Database closed.


Database created.



Database closed.


Database selected.


Table dropped.


Table dropped.


Row type dropped.


1 row(s) inserted.


Row type created.


Table created.


Routine executed.


Routine executed.



Database closed.

           Stop:  Tue 22 Aug 19:46:24 UTC 2017
     ----------------------------------------
          Configure Listener
     ----------------------------------------
          Start:  Tue 22 Aug 19:46:24 UTC 2017
fatal: destination path 'rest-listener' already exists and is not an empty directory.
           Stop:  Tue 22 Aug 19:46:25 UTC 2017
