     ----------------------------------------
          Installing npm
     ----------------------------------------
          Start:  Tue 22 Aug 14:43:20 UTC 2017
Reading package lists...
Building dependency tree...
Reading state information...
Some packages could not be installed. This may mean that you have
requested an impossible situation or if you are using the unstable
distribution that some required packages have not yet been created
or been moved out of Incoming.
The following information may help to resolve the situation:

The following packages have unmet dependencies:
 npm : Depends: nodejs but it is not going to be installed
       Depends: node-abbrev (>= 1.0.4) but it is not going to be installed
       Depends: node-ansi (>= 0.3.0-2) but it is not going to be installed
       Depends: node-ansi-color-table but it is not going to be installed
       Depends: node-archy but it is not going to be installed
       Depends: node-block-stream but it is not going to be installed
       Depends: node-fstream (>= 0.1.22) but it is not going to be installed
       Depends: node-fstream-ignore but it is not going to be installed
       Depends: node-github-url-from-git but it is not going to be installed
       Depends: node-glob (>= 3.1.21) but it is not going to be installed
       Depends: node-graceful-fs (>= 2.0.0) but it is not going to be installed
       Depends: node-inherits but it is not going to be installed
       Depends: node-ini (>= 1.1.0) but it is not going to be installed
       Depends: node-lockfile but it is not going to be installed
       Depends: node-lru-cache (>= 2.3.0) but it is not going to be installed
       Depends: node-minimatch (>= 0.2.11) but it is not going to be installed
       Depends: node-mkdirp (>= 0.3.3) but it is not going to be installed
       Depends: node-gyp (>= 0.10.9) but it is not going to be installed
       Depends: node-nopt (>= 3.0.1) but it is not going to be installed
       Depends: node-npmlog but it is not going to be installed
       Depends: node-once but it is not going to be installed
       Depends: node-osenv but it is not going to be installed
       Depends: node-read but it is not going to be installed
       Depends: node-read-package-json (>= 1.1.0) but it is not going to be installed
       Depends: node-request (>= 2.25.0) but it is not going to be installed
       Depends: node-retry but it is not going to be installed
       Depends: node-rimraf (>= 2.2.2) but it is not going to be installed
       Depends: node-semver (>= 2.1.0) but it is not going to be installed
       Depends: node-sha but it is not going to be installed
       Depends: node-slide but it is not going to be installed
       Depends: node-tar (>= 0.1.18) but it is not going to be installed
       Depends: node-underscore but it is not going to be installed
       Depends: node-which but it is not going to be installed
E: Unable to correct problems, you have held broken packages.
           Stop:  Tue 22 Aug 14:43:23 UTC 2017
     ----------------------------------------
          Installing node-red-contrib
     ----------------------------------------
          Start:  Tue 22 Aug 14:43:24 UTC 2017
/usr/lib
└─┬ express@4.15.4 
  ├─┬ accepts@1.3.3 
  │ ├─┬ mime-types@2.1.16 
  │ │ └── mime-db@1.29.0 
  │ └── negotiator@0.6.1 
  ├── array-flatten@1.1.1 
  ├── content-disposition@0.5.2 
  ├── content-type@1.0.2 
  ├── cookie@0.3.1 
  ├── cookie-signature@1.0.6 
  ├─┬ debug@2.6.8 
  │ └── ms@2.0.0 
  ├── depd@1.1.1 
  ├── encodeurl@1.0.1 
  ├── escape-html@1.0.3 
  ├── etag@1.8.0 
  ├─┬ finalhandler@1.0.4 
  │ └── unpipe@1.0.0 
  ├── fresh@0.5.0 
  ├── merge-descriptors@1.0.1 
  ├── methods@1.1.2 
  ├─┬ on-finished@2.3.0 
  │ └── ee-first@1.1.1 
  ├── parseurl@1.3.1 
  ├── path-to-regexp@0.1.7 
  ├─┬ proxy-addr@1.1.5 
  │ ├── forwarded@0.1.0 
  │ └── ipaddr.js@1.4.0 
  ├── qs@6.5.0 
  ├── range-parser@1.2.0 
  ├─┬ send@0.15.4 
  │ ├── destroy@1.0.4 
  │ ├─┬ http-errors@1.6.2 
  │ │ └── inherits@2.0.3 
  │ └── mime@1.3.4 
  ├── serve-static@1.12.4 
  ├── setprototypeof@1.0.3 
  ├── statuses@1.3.1 
  ├─┬ type-is@1.6.15 
  │ └── media-typer@0.3.0 
  ├── utils-merge@1.0.0 
  └── vary@1.1.1 

/usr/lib
└─┬ node-red-contrib-timeseries@1.1.2 
  ├── moment@2.9.0 
  └─┬ request@2.81.0 
    ├── aws-sign2@0.6.0 
    ├── aws4@1.6.0 
    ├── caseless@0.12.0 
    ├─┬ combined-stream@1.0.5 
    │ └── delayed-stream@1.0.0 
    ├── extend@3.0.1 
    ├── forever-agent@0.6.1 
    ├─┬ form-data@2.1.4 
    │ └── asynckit@0.4.0 
    ├─┬ har-validator@4.2.1 
    │ ├─┬ ajv@4.11.8 
    │ │ ├── co@4.6.0 
    │ │ └─┬ json-stable-stringify@1.0.1 
    │ │   └── jsonify@0.0.0 
    │ └── har-schema@1.0.5 
    ├─┬ hawk@3.1.3 
    │ ├── boom@2.10.1 
    │ ├── cryptiles@2.0.5 
    │ ├── hoek@2.16.3 
    │ └── sntp@1.0.9 
    ├─┬ http-signature@1.1.1 
    │ ├── assert-plus@0.2.0 
    │ ├─┬ jsprim@1.4.1 
    │ │ ├── assert-plus@1.0.0 
    │ │ ├── extsprintf@1.3.0 
    │ │ ├── json-schema@0.2.3 
    │ │ └─┬ verror@1.10.0 
    │ │   ├── assert-plus@1.0.0 
    │ │   └── core-util-is@1.0.2 
    │ └─┬ sshpk@1.13.1 
    │   ├── asn1@0.2.3 
    │   ├── assert-plus@1.0.0 
    │   ├── bcrypt-pbkdf@1.0.1 
    │   ├─┬ dashdash@1.14.1 
    │   │ └── assert-plus@1.0.0 
    │   ├── ecc-jsbn@0.1.1 
    │   ├─┬ getpass@0.1.7 
    │   │ └── assert-plus@1.0.0 
    │   ├── jsbn@0.1.1 
    │   └── tweetnacl@0.14.5 
    ├── is-typedarray@1.0.0 
    ├── isstream@0.1.2 
    ├── json-stringify-safe@5.0.1 
    ├─┬ mime-types@2.1.16 
    │ └── mime-db@1.29.0 
    ├── oauth-sign@0.8.2 
    ├── performance-now@0.2.0 
    ├── qs@6.4.0 
    ├── safe-buffer@5.1.1 
    ├── stringstream@0.0.5 
    ├─┬ tough-cookie@2.3.2 
    │ └── punycode@1.4.1 
    ├── tunnel-agent@0.6.0 
    └── uuid@3.1.0 

/usr/lib
└─┬ node-red-contrib-scx-ibmiotapp@0.0.46 
  ├─┬ cfenv@1.0.4 
  │ ├─┬ js-yaml@3.7.0 
  │ │ ├─┬ argparse@1.0.9 
  │ │ │ └── sprintf-js@1.0.3 
  │ │ └── esprima@2.7.3 
  │ ├── ports@1.1.0 
  │ └── underscore@1.8.3 
  ├─┬ ibmiotf@0.2.38 
  │ ├─┬ axios@0.5.4 
  │ │ └── es6-promise@2.3.0 
  │ ├── bluebird@2.11.0 
  │ ├── btoa@1.1.2 
  │ ├── events@1.1.1 
  │ ├── format@0.2.2 
  │ ├── loglevel@1.4.1 
  │ └─┬ mqtt@2.12.0 
  │   ├─┬ commist@1.0.0 
  │   │ └── leven@1.0.2 
  │   ├─┬ concat-stream@1.6.0 
  │   │ └── typedarray@0.0.6 
  │   ├─┬ end-of-stream@1.4.0 
  │   │ └─┬ once@1.4.0 
  │   │   └── wrappy@1.0.2 
  │   ├─┬ help-me@1.1.0 
  │   │ ├── callback-stream@1.1.0 
  │   │ ├─┬ glob-stream@6.1.0 
  │   │ │ ├── extend@3.0.1 
  │   │ │ ├─┬ glob@7.1.2 
  │   │ │ │ ├── fs.realpath@1.0.0 
  │   │ │ │ ├── inflight@1.0.6 
  │   │ │ │ ├─┬ minimatch@3.0.4 
  │   │ │ │ │ └─┬ brace-expansion@1.1.8 
  │   │ │ │ │   ├── balanced-match@1.0.0 
  │   │ │ │ │   └── concat-map@0.0.1 
  │   │ │ │ └── path-is-absolute@1.0.1 
  │   │ │ ├─┬ glob-parent@3.1.0 
  │   │ │ │ ├─┬ is-glob@3.1.0 
  │   │ │ │ │ └── is-extglob@2.1.1 
  │   │ │ │ └── path-dirname@1.0.2 
  │   │ │ ├── is-negated-glob@1.0.0 
  │   │ │ ├── ordered-read-streams@1.0.1 
  │   │ │ ├── pumpify@1.3.5 
  │   │ │ ├── remove-trailing-separator@1.1.0 
  │   │ │ ├─┬ to-absolute-glob@2.0.1 
  │   │ │ │ ├─┬ extend-shallow@2.0.1 
  │   │ │ │ │ └── is-extendable@0.1.1 
  │   │ │ │ └─┬ is-absolute@0.2.6 
  │   │ │ │   ├─┬ is-relative@0.2.1 
  │   │ │ │   │ └─┬ is-unc-path@0.1.2 
  │   │ │ │   │   └── unc-path-regex@0.1.2 
  │   │ │ │   └── is-windows@0.2.0 
  │   │ │ └─┬ unique-stream@2.2.1 
  │   │ │   ├─┬ json-stable-stringify@1.0.1 
  │   │ │   │ └── jsonify@0.0.0 
  │   │ │   └── through2-filter@2.0.0 
  │   │ └── through2@2.0.3 
  │   ├── inherits@2.0.3 
  │   ├── minimist@1.2.0 
  │   ├─┬ mqtt-packet@5.4.0 
  │   │ ├── bl@1.2.1 
  │   │ ├── process-nextick-args@1.0.7 
  │   │ └── safe-buffer@5.1.1 
  │   ├── pump@1.0.2 
  │   ├─┬ readable-stream@2.3.3 
  │   │ ├── core-util-is@1.0.2 
  │   │ ├── isarray@1.0.0 
  │   │ ├── string_decoder@1.0.3 
  │   │ └── util-deprecate@1.0.2 
  │   ├── reinterval@1.1.0 
  │   ├── split2@2.1.1 
  │   ├─┬ websocket-stream@5.0.1 
  │   │ ├─┬ duplexify@3.5.1 
  │   │ │ └── stream-shift@1.0.0 
  │   │ └─┬ ws@3.1.0 
  │   │   └── ultron@1.1.0 
  │   └── xtend@4.0.1 
  └── is-utf8@0.2.1 


> bufferutil@1.2.1 install /usr/lib/node_modules/node-red-contrib-graphs/node_modules/bufferutil
> node-gyp rebuild

gyp WARN EACCES user "root" does not have permission to access the dev dir "/root/.node-gyp/6.11.2"
gyp WARN EACCES attempting to reinstall using temporary dev dir "/tmp/.node-gyp"
make: Entering directory '/usr/lib/node_modules/node-red-contrib-graphs/node_modules/bufferutil/build'
  CXX(target) Release/obj.target/bufferutil/src/bufferutil.o
  SOLINK_MODULE(target) Release/obj.target/bufferutil.node
  COPY Release/bufferutil.node
make: Leaving directory '/usr/lib/node_modules/node-red-contrib-graphs/node_modules/bufferutil/build'

> utf-8-validate@1.2.2 install /usr/lib/node_modules/node-red-contrib-graphs/node_modules/utf-8-validate
> node-gyp rebuild

gyp WARN EACCES user "root" does not have permission to access the dev dir "/root/.node-gyp/6.11.2"
gyp WARN EACCES attempting to reinstall using temporary dev dir "/tmp/.node-gyp"
make: Entering directory '/usr/lib/node_modules/node-red-contrib-graphs/node_modules/utf-8-validate/build'
  CXX(target) Release/obj.target/validation/src/validation.o
  SOLINK_MODULE(target) Release/obj.target/validation.node
  COPY Release/validation.node
make: Leaving directory '/usr/lib/node_modules/node-red-contrib-graphs/node_modules/utf-8-validate/build'
/usr/lib
└─┬ node-red-contrib-graphs@0.3.5 
  ├─┬ express@4.15.4 
  │ ├─┬ accepts@1.3.3 
  │ │ ├─┬ mime-types@2.1.16 
  │ │ │ └── mime-db@1.29.0 
  │ │ └── negotiator@0.6.1 
  │ ├── array-flatten@1.1.1 
  │ ├── content-disposition@0.5.2 
  │ ├── content-type@1.0.2 
  │ ├── cookie@0.3.1 
  │ ├── cookie-signature@1.0.6 
  │ ├─┬ debug@2.6.8 
  │ │ └── ms@2.0.0 
  │ ├── depd@1.1.1 
  │ ├── encodeurl@1.0.1 
  │ ├── escape-html@1.0.3 
  │ ├── etag@1.8.0 
  │ ├─┬ finalhandler@1.0.4 
  │ │ └── unpipe@1.0.0 
  │ ├── fresh@0.5.0 
  │ ├── merge-descriptors@1.0.1 
  │ ├── methods@1.1.2 
  │ ├─┬ on-finished@2.3.0 
  │ │ └── ee-first@1.1.1 
  │ ├── parseurl@1.3.1 
  │ ├── path-to-regexp@0.1.7 
  │ ├─┬ proxy-addr@1.1.5 
  │ │ ├── forwarded@0.1.0 
  │ │ └── ipaddr.js@1.4.0 
  │ ├── qs@6.5.0 
  │ ├── range-parser@1.2.0 
  │ ├─┬ send@0.15.4 
  │ │ ├── destroy@1.0.4 
  │ │ ├─┬ http-errors@1.6.2 
  │ │ │ └── inherits@2.0.3 
  │ │ └── mime@1.3.4 
  │ ├── serve-static@1.12.4 
  │ ├── setprototypeof@1.0.3 
  │ ├── statuses@1.3.1 
  │ ├─┬ type-is@1.6.15 
  │ │ └── media-typer@0.3.0 
  │ ├── utils-merge@1.0.0 
  │ └── vary@1.1.1 
  ├── mustache@2.3.0 
  └─┬ ws@0.8.1 
    ├─┬ bufferutil@1.2.1 
    │ ├── bindings@1.2.1 
    │ └── nan@2.6.2 
    ├── options@0.0.6 
    ├── ultron@1.0.2 
    └─┬ utf-8-validate@1.2.2 
      └── nan@2.4.0 


> usb@1.2.0 install /usr/lib/node_modules/node-red-contrib-sensortag/node_modules/usb
> node-pre-gyp install --fallback-to-build

node-pre-gyp ERR! Tried to download: https://github.com/tessel/node-usb/releases/download/1.2.0/usb_bindings-v1.2.0-node-v48-linux-arm.tar.gz 
node-pre-gyp ERR! Pre-built binaries not found for usb@1.2.0 and node@6.11.2 (node-v48 ABI) (falling back to source compile with node-gyp) 
gyp WARN EACCES user "root" does not have permission to access the dev dir "/root/.node-gyp/6.11.2"
gyp WARN EACCES attempting to reinstall using temporary dev dir "/tmp/.node-gyp"
make: Entering directory '/usr/lib/node_modules/node-red-contrib-sensortag/node_modules/usb/build'
  CC(target) Release/obj.target/libusb/libusb/libusb/core.o
  CC(target) Release/obj.target/libusb/libusb/libusb/descriptor.o
  CC(target) Release/obj.target/libusb/libusb/libusb/hotplug.o
  CC(target) Release/obj.target/libusb/libusb/libusb/io.o
  CC(target) Release/obj.target/libusb/libusb/libusb/strerror.o
  CC(target) Release/obj.target/libusb/libusb/libusb/sync.o
  CC(target) Release/obj.target/libusb/libusb/libusb/os/poll_posix.o
  CC(target) Release/obj.target/libusb/libusb/libusb/os/threads_posix.o
  CC(target) Release/obj.target/libusb/libusb/libusb/os/linux_usbfs.o
  CC(target) Release/obj.target/libusb/libusb/libusb/os/linux_udev.o
../libusb/libusb/os/linux_udev.c:40:21: fatal error: libudev.h: No such file or directory
 #include <libudev.h>
                     ^
compilation terminated.
libusb.target.mk:131: recipe for target 'Release/obj.target/libusb/libusb/libusb/os/linux_udev.o' failed
make: *** [Release/obj.target/libusb/libusb/libusb/os/linux_udev.o] Error 1
make: Leaving directory '/usr/lib/node_modules/node-red-contrib-sensortag/node_modules/usb/build'
gyp ERR! build error 
gyp ERR! stack Error: `make` failed with exit code: 2
gyp ERR! stack     at ChildProcess.onExit (/usr/lib/node_modules/npm/node_modules/node-gyp/lib/build.js:276:23)
gyp ERR! stack     at emitTwo (events.js:106:13)
gyp ERR! stack     at ChildProcess.emit (events.js:191:7)
gyp ERR! stack     at Process.ChildProcess._handle.onexit (internal/child_process.js:215:12)
gyp ERR! System Linux 4.9.35-v7+
gyp ERR! command "/usr/bin/nodejs" "/usr/lib/node_modules/npm/node_modules/node-gyp/bin/node-gyp.js" "build" "--fallback-to-build" "--module=/usr/lib/node_modules/node-red-contrib-sensortag/node_modules/usb/src/binding/usb_bindings.node" "--module_name=usb_bindings" "--module_path=/usr/lib/node_modules/node-red-contrib-sensortag/node_modules/usb/src/binding"
gyp ERR! cwd /usr/lib/node_modules/node-red-contrib-sensortag/node_modules/usb
gyp ERR! node -v v6.11.2
gyp ERR! node-gyp -v v3.4.0
gyp ERR! not ok 
node-pre-gyp ERR! build error 
node-pre-gyp ERR! stack Error: Failed to execute '/usr/bin/nodejs /usr/lib/node_modules/npm/node_modules/node-gyp/bin/node-gyp.js build --fallback-to-build --module=/usr/lib/node_modules/node-red-contrib-sensortag/node_modules/usb/src/binding/usb_bindings.node --module_name=usb_bindings --module_path=/usr/lib/node_modules/node-red-contrib-sensortag/node_modules/usb/src/binding' (1)
node-pre-gyp ERR! stack     at ChildProcess.<anonymous> (/usr/lib/node_modules/node-red-contrib-sensortag/node_modules/usb/node_modules/node-pre-gyp/lib/util/compile.js:83:29)
node-pre-gyp ERR! stack     at emitTwo (events.js:106:13)
node-pre-gyp ERR! stack     at ChildProcess.emit (events.js:191:7)
node-pre-gyp ERR! stack     at maybeClose (internal/child_process.js:891:16)
node-pre-gyp ERR! stack     at Process.ChildProcess._handle.onexit (internal/child_process.js:226:5)
node-pre-gyp ERR! System Linux 4.9.35-v7+
node-pre-gyp ERR! command "/usr/bin/nodejs" "/usr/lib/node_modules/node-red-contrib-sensortag/node_modules/usb/node_modules/.bin/node-pre-gyp" "install" "--fallback-to-build"
node-pre-gyp ERR! cwd /usr/lib/node_modules/node-red-contrib-sensortag/node_modules/usb
node-pre-gyp ERR! node -v v6.11.2
node-pre-gyp ERR! node-pre-gyp -v v0.6.30
node-pre-gyp ERR! not ok 
Failed to execute '/usr/bin/nodejs /usr/lib/node_modules/npm/node_modules/node-gyp/bin/node-gyp.js build --fallback-to-build --module=/usr/lib/node_modules/node-red-contrib-sensortag/node_modules/usb/src/binding/usb_bindings.node --module_name=usb_bindings --module_path=/usr/lib/node_modules/node-red-contrib-sensortag/node_modules/usb/src/binding' (1)

> bluetooth-hci-socket@0.5.1 install /usr/lib/node_modules/node-red-contrib-sensortag/node_modules/bluetooth-hci-socket
> node-gyp rebuild

gyp WARN EACCES user "root" does not have permission to access the dev dir "/root/.node-gyp/6.11.2"
gyp WARN EACCES attempting to reinstall using temporary dev dir "/tmp/.node-gyp"
make: Entering directory '/usr/lib/node_modules/node-red-contrib-sensortag/node_modules/bluetooth-hci-socket/build'
  CXX(target) Release/obj.target/binding/src/BluetoothHciSocket.o
../src/BluetoothHciSocket.cpp: In member function ‘void BluetoothHciSocket::emitErrnoError()’:
../src/BluetoothHciSocket.cpp:275:72: warning: ‘v8::Local<v8::Object> v8::Function::NewInstance(int, v8::Local<v8::Value>*) const’ is deprecated (declared at /tmp/.node-gyp/6.11.2/include/node/v8.h:3271): Use maybe version [-Wdeprecated-declarations]
   Local<Value> error = errorConstructor->NewInstance(1, constructorArgs);
                                                                        ^
  SOLINK_MODULE(target) Release/obj.target/binding.node
  COPY Release/binding.node
make: Leaving directory '/usr/lib/node_modules/node-red-contrib-sensortag/node_modules/bluetooth-hci-socket/build'
/usr/lib
└─┬ node-red-contrib-sensortag@0.1.4 
  ├─┬ getmac@1.2.1 
  │ └─┬ extract-opts@3.3.1 
  │   ├── eachr@3.2.0 
  │   ├── editions@1.3.3 
  │   └── typechecker@4.4.1 
  └─┬ sensortag@1.3.0 
    └─┬ noble-device@1.4.1 
      └─┬ noble@1.8.1 
        ├─┬ bluetooth-hci-socket@0.5.1 
        │ └── nan@2.6.2 
        ├── bplist-parser@0.0.6 
        └─┬ debug@2.2.0 
          └── ms@0.7.1 

npm WARN optional SKIPPING OPTIONAL DEPENDENCY: xpc-connection@~0.1.4 (node_modules/node-red-contrib-sensortag/node_modules/noble/node_modules/xpc-connection):
npm WARN notsup SKIPPING OPTIONAL DEPENDENCY: Unsupported platform for xpc-connection@0.1.4: wanted {"os":"darwin","arch":"any"} (current: {"os":"linux","arch":"arm"})
npm WARN optional SKIPPING OPTIONAL DEPENDENCY: usb@1.2.0 (node_modules/node-red-contrib-sensortag/node_modules/usb):
npm WARN optional SKIPPING OPTIONAL DEPENDENCY: usb@1.2.0 install: `node-pre-gyp install --fallback-to-build`
npm WARN optional SKIPPING OPTIONAL DEPENDENCY: Exit status 1
/usr/lib
└── iot-gateway-kit-misc@0.1.0 

           Stop:  Tue 22 Aug 14:49:40 UTC 2017
