     ----------------------------------------
          Informix Product
     ----------------------------------------
          Start:  Tue 22 Aug 19:36:12 UTC 2017
bundle.properties
CSDK/
CSDK/UNIX/
CSDK/UNIX/doc/
CSDK/UNIX/doc/csdk_lux_relnotes.html
CSDK/UNIX/doc/csdk_win_relnotes.html
CSDK/UNIX/doc/CPP_4.1
CSDK/UNIX/doc/Gls_relnotes_4.10.html
CSDK/UNIX/doc/Glsapi_machine_notes_4.10.txt
CSDK/UNIX/doc/ESQLC_machine_notes_4.10.txt
CSDK/UNIX/doc/Odbc_machine_notes_4.10.txt
CSDK/UNIX/doc/Client_install_guide.pdf
IBM_Data_Server_Driver_Package/
IBM_Data_Server_Driver_Package/clpplus/
IBM_Data_Server_Driver_Package/clpplus/tools/
IBM_Data_Server_Driver_Package/clpplus/tools/clpplus.jar
IBM_Data_Server_Driver_Package/clpplus/tools/jline-0.9.93.jar
IBM_Data_Server_Driver_Package/clpplus/tools/antlr-3.2.jar
IBM_Data_Server_Driver_Package/clpplus/bin/
IBM_Data_Server_Driver_Package/clpplus/bin/clpplus
IBM_Data_Server_Driver_Package/installDSDriver
IBM_Data_Server_Driver_Package/jdbc_sqlj_driver/
IBM_Data_Server_Driver_Package/jdbc_sqlj_driver/linuxamd64/
IBM_Data_Server_Driver_Package/jdbc_sqlj_driver/linuxamd64/db2_db2driver_for_jdbc_sqlj.zip
IBM_Data_Server_Driver_Package/license/
IBM_Data_Server_Driver_Package/license/ko_KR.eucKR/
IBM_Data_Server_Driver_Package/license/ko_KR.eucKR/odbc_LI_ko
IBM_Data_Server_Driver_Package/license/ko_KR.eucKR/jdbc_LI_ko
IBM_Data_Server_Driver_Package/license/ko_KR.eucKR/jdbc4_LI_ko
IBM_Data_Server_Driver_Package/license/ko_KR.eucKR/dsdriver_LI_ko
IBM_Data_Server_Driver_Package/license/dsdriver_notices.txt
IBM_Data_Server_Driver_Package/license/en_US.iso88591/
IBM_Data_Server_Driver_Package/license/en_US.iso88591/odbc_LI_en
IBM_Data_Server_Driver_Package/license/en_US.iso88591/dsdriver_LI_en
IBM_Data_Server_Driver_Package/license/en_US.iso88591/jdbc_LI_en
IBM_Data_Server_Driver_Package/license/en_US.iso88591/jdbc4_LI_en
IBM_Data_Server_Driver_Package/license/ko_KR.utf8/
IBM_Data_Server_Driver_Package/license/ko_KR.utf8/odbc_LI_ko
IBM_Data_Server_Driver_Package/license/ko_KR.utf8/dsdriver_LI_ko
IBM_Data_Server_Driver_Package/license/ko_KR.utf8/jdbc_LI_ko
IBM_Data_Server_Driver_Package/license/ko_KR.utf8/jdbc4_LI_ko
IBM_Data_Server_Driver_Package/license/el_GR.utf8/
IBM_Data_Server_Driver_Package/license/el_GR.utf8/odbc_LI_el
IBM_Data_Server_Driver_Package/license/el_GR.utf8/jdbc_LI_el
IBM_Data_Server_Driver_Package/license/el_GR.utf8/jdbc4_LI_el
IBM_Data_Server_Driver_Package/license/el_GR.utf8/dsdriver_LI_el
IBM_Data_Server_Driver_Package/license/de_DE.iso88591/
IBM_Data_Server_Driver_Package/license/de_DE.iso88591/jdbc_LI_de
IBM_Data_Server_Driver_Package/license/de_DE.iso88591/odbc_LI_de
IBM_Data_Server_Driver_Package/license/de_DE.iso88591/dsdriver_LI_de
IBM_Data_Server_Driver_Package/license/de_DE.iso88591/jdbc4_LI_de
IBM_Data_Server_Driver_Package/license/zh_TW.eucTW/
IBM_Data_Server_Driver_Package/license/zh_TW.eucTW/dsdriver_LI_zh_TW
IBM_Data_Server_Driver_Package/license/zh_TW.eucTW/jdbc4_LI_zh_TW
IBM_Data_Server_Driver_Package/license/zh_TW.eucTW/jdbc_LI_zh_TW
IBM_Data_Server_Driver_Package/license/zh_TW.eucTW/odbc_LI_zh_TW
IBM_Data_Server_Driver_Package/license/es_ES.utf8/
IBM_Data_Server_Driver_Package/license/es_ES.utf8/jdbc4_LI_es
IBM_Data_Server_Driver_Package/license/es_ES.utf8/dsdriver_LI_es
IBM_Data_Server_Driver_Package/license/es_ES.utf8/odbc_LI_es
IBM_Data_Server_Driver_Package/license/es_ES.utf8/jdbc_LI_es
IBM_Data_Server_Driver_Package/license/fr_FR.utf8/
IBM_Data_Server_Driver_Package/license/fr_FR.utf8/odbc_LI_fr
IBM_Data_Server_Driver_Package/license/fr_FR.utf8/dsdriver_LI_fr
IBM_Data_Server_Driver_Package/license/fr_FR.utf8/jdbc_LI_fr
IBM_Data_Server_Driver_Package/license/fr_FR.utf8/jdbc4_LI_fr
IBM_Data_Server_Driver_Package/license/ru_RU.utf8/
IBM_Data_Server_Driver_Package/license/ru_RU.utf8/dsdriver_LI_ru
IBM_Data_Server_Driver_Package/license/ru_RU.utf8/odbc_LI_ru
IBM_Data_Server_Driver_Package/license/ru_RU.utf8/jdbc4_LI_ru
IBM_Data_Server_Driver_Package/license/ru_RU.utf8/jdbc_LI_ru
IBM_Data_Server_Driver_Package/license/ru_RU.koi8r/
IBM_Data_Server_Driver_Package/license/ru_RU.koi8r/odbc_LI_ru
IBM_Data_Server_Driver_Package/license/ru_RU.koi8r/jdbc4_LI_ru
IBM_Data_Server_Driver_Package/license/ru_RU.koi8r/dsdriver_LI_ru
IBM_Data_Server_Driver_Package/license/ru_RU.koi8r/jdbc_LI_ru
IBM_Data_Server_Driver_Package/license/ru_RU.iso88595/
IBM_Data_Server_Driver_Package/license/ru_RU.iso88595/odbc_LI_ru
IBM_Data_Server_Driver_Package/license/ru_RU.iso88595/jdbc_LI_ru
IBM_Data_Server_Driver_Package/license/ru_RU.iso88595/jdbc4_LI_ru
IBM_Data_Server_Driver_Package/license/ru_RU.iso88595/dsdriver_LI_ru
IBM_Data_Server_Driver_Package/license/ja_JP.sjis/
IBM_Data_Server_Driver_Package/license/ja_JP.sjis/odbc_LI_ja
IBM_Data_Server_Driver_Package/license/ja_JP.sjis/jdbc_LI_ja
IBM_Data_Server_Driver_Package/license/ja_JP.sjis/jdbc4_LI_ja
IBM_Data_Server_Driver_Package/license/ja_JP.sjis/dsdriver_LI_ja
IBM_Data_Server_Driver_Package/license/es_ES.iso88591/
IBM_Data_Server_Driver_Package/license/es_ES.iso88591/odbc_LI_es
IBM_Data_Server_Driver_Package/license/es_ES.iso88591/jdbc_LI_es
IBM_Data_Server_Driver_Package/license/es_ES.iso88591/dsdriver_LI_es
IBM_Data_Server_Driver_Package/license/es_ES.iso88591/jdbc4_LI_es
IBM_Data_Server_Driver_Package/license/el_GR.iso88597/
IBM_Data_Server_Driver_Package/license/el_GR.iso88597/jdbc4_LI_el
IBM_Data_Server_Driver_Package/license/el_GR.iso88597/dsdriver_LI_el
IBM_Data_Server_Driver_Package/license/el_GR.iso88597/odbc_LI_el
IBM_Data_Server_Driver_Package/license/el_GR.iso88597/jdbc_LI_el
IBM_Data_Server_Driver_Package/license/tr_TR.utf8/
IBM_Data_Server_Driver_Package/license/tr_TR.utf8/jdbc_LI_tr
IBM_Data_Server_Driver_Package/license/tr_TR.utf8/odbc_LI_tr
IBM_Data_Server_Driver_Package/license/tr_TR.utf8/jdbc4_LI_tr
IBM_Data_Server_Driver_Package/license/tr_TR.utf8/dsdriver_LI_tr
IBM_Data_Server_Driver_Package/license/pt_BR.utf8/
IBM_Data_Server_Driver_Package/license/pt_BR.utf8/jdbc4_LI_pt
IBM_Data_Server_Driver_Package/license/pt_BR.utf8/jdbc_LI_pt
IBM_Data_Server_Driver_Package/license/pt_BR.utf8/dsdriver_LI_pt
IBM_Data_Server_Driver_Package/license/pt_BR.utf8/odbc_LI_pt
IBM_Data_Server_Driver_Package/license/pt_BR.iso88591/
IBM_Data_Server_Driver_Package/license/pt_BR.iso88591/dsdriver_LI_pt
IBM_Data_Server_Driver_Package/license/pt_BR.iso88591/jdbc_LI_pt
IBM_Data_Server_Driver_Package/license/pt_BR.iso88591/odbc_LI_pt
IBM_Data_Server_Driver_Package/license/pt_BR.iso88591/jdbc4_LI_pt
IBM_Data_Server_Driver_Package/license/sl_SI.iso88592/
IBM_Data_Server_Driver_Package/license/sl_SI.iso88592/dsdriver_LI_sl
IBM_Data_Server_Driver_Package/license/sl_SI.iso88592/odbc_LI_sl
IBM_Data_Server_Driver_Package/license/sl_SI.iso88592/jdbc_LI_sl
IBM_Data_Server_Driver_Package/license/sl_SI.iso88592/jdbc4_LI_sl
IBM_Data_Server_Driver_Package/license/lt_LT.iso885913/
IBM_Data_Server_Driver_Package/license/lt_LT.iso885913/jdbc4_LI_lt
IBM_Data_Server_Driver_Package/license/lt_LT.iso885913/dsdriver_LI_lt
IBM_Data_Server_Driver_Package/license/lt_LT.iso885913/jdbc_LI_lt
IBM_Data_Server_Driver_Package/license/lt_LT.iso885913/odbc_LI_lt
IBM_Data_Server_Driver_Package/license/cs_CZ.utf8/
IBM_Data_Server_Driver_Package/license/cs_CZ.utf8/jdbc_LI_cs
IBM_Data_Server_Driver_Package/license/cs_CZ.utf8/dsdriver_LI_cs
IBM_Data_Server_Driver_Package/license/cs_CZ.utf8/jdbc4_LI_cs
IBM_Data_Server_Driver_Package/license/cs_CZ.utf8/odbc_LI_cs
IBM_Data_Server_Driver_Package/license/lt_LT.utf8/
IBM_Data_Server_Driver_Package/license/lt_LT.utf8/odbc_LI_lt
IBM_Data_Server_Driver_Package/license/lt_LT.utf8/dsdriver_LI_lt
IBM_Data_Server_Driver_Package/license/lt_LT.utf8/jdbc_LI_lt
IBM_Data_Server_Driver_Package/license/lt_LT.utf8/jdbc4_LI_lt
IBM_Data_Server_Driver_Package/license/pl_PL.iso88592/
IBM_Data_Server_Driver_Package/license/pl_PL.iso88592/dsdriver_LI_pl
IBM_Data_Server_Driver_Package/license/pl_PL.iso88592/jdbc4_LI_pl
IBM_Data_Server_Driver_Package/license/pl_PL.iso88592/jdbc_LI_pl
IBM_Data_Server_Driver_Package/license/pl_PL.iso88592/odbc_LI_pl
IBM_Data_Server_Driver_Package/license/de_DE.utf8/
IBM_Data_Server_Driver_Package/license/de_DE.utf8/jdbc4_LI_de
IBM_Data_Server_Driver_Package/license/de_DE.utf8/odbc_LI_de
IBM_Data_Server_Driver_Package/license/de_DE.utf8/dsdriver_LI_de
IBM_Data_Server_Driver_Package/license/de_DE.utf8/jdbc_LI_de
IBM_Data_Server_Driver_Package/license/cs_CZ.iso88592/
IBM_Data_Server_Driver_Package/license/cs_CZ.iso88592/dsdriver_LI_cs
IBM_Data_Server_Driver_Package/license/cs_CZ.iso88592/jdbc4_LI_cs
IBM_Data_Server_Driver_Package/license/cs_CZ.iso88592/odbc_LI_cs
IBM_Data_Server_Driver_Package/license/cs_CZ.iso88592/jdbc_LI_cs
IBM_Data_Server_Driver_Package/license/ja_JP.eucJP/
IBM_Data_Server_Driver_Package/license/ja_JP.eucJP/jdbc_LI_ja
IBM_Data_Server_Driver_Package/license/ja_JP.eucJP/odbc_LI_ja
IBM_Data_Server_Driver_Package/license/ja_JP.eucJP/dsdriver_LI_ja
IBM_Data_Server_Driver_Package/license/ja_JP.eucJP/jdbc4_LI_ja
IBM_Data_Server_Driver_Package/license/sl_SI.utf8/
IBM_Data_Server_Driver_Package/license/sl_SI.utf8/jdbc_LI_sl
IBM_Data_Server_Driver_Package/license/sl_SI.utf8/dsdriver_LI_sl
IBM_Data_Server_Driver_Package/license/sl_SI.utf8/jdbc4_LI_sl
IBM_Data_Server_Driver_Package/license/sl_SI.utf8/odbc_LI_sl
IBM_Data_Server_Driver_Package/license/zh_TW.big5/
IBM_Data_Server_Driver_Package/license/zh_TW.big5/jdbc_LI_zh_TW
IBM_Data_Server_Driver_Package/license/zh_TW.big5/jdbc4_LI_zh_TW
IBM_Data_Server_Driver_Package/license/zh_TW.big5/odbc_LI_zh_TW
IBM_Data_Server_Driver_Package/license/zh_TW.big5/dsdriver_LI_zh_TW
IBM_Data_Server_Driver_Package/license/zh_CN.gbk/
IBM_Data_Server_Driver_Package/license/zh_CN.gbk/dsdriver_LI_zh
IBM_Data_Server_Driver_Package/license/zh_CN.gbk/odbc_LI_zh
IBM_Data_Server_Driver_Package/license/zh_CN.gbk/jdbc_LI_zh
IBM_Data_Server_Driver_Package/license/zh_CN.gbk/jdbc4_LI_zh
IBM_Data_Server_Driver_Package/license/it_IT.utf8/
IBM_Data_Server_Driver_Package/license/it_IT.utf8/jdbc_LI_it
IBM_Data_Server_Driver_Package/license/it_IT.utf8/dsdriver_LI_it
IBM_Data_Server_Driver_Package/license/it_IT.utf8/jdbc4_LI_it
IBM_Data_Server_Driver_Package/license/it_IT.utf8/odbc_LI_it
IBM_Data_Server_Driver_Package/license/tr_TR.iso88599/
IBM_Data_Server_Driver_Package/license/tr_TR.iso88599/jdbc_LI_tr
IBM_Data_Server_Driver_Package/license/tr_TR.iso88599/jdbc4_LI_tr
IBM_Data_Server_Driver_Package/license/tr_TR.iso88599/odbc_LI_tr
IBM_Data_Server_Driver_Package/license/tr_TR.iso88599/dsdriver_LI_tr
IBM_Data_Server_Driver_Package/license/ja_JP.utf8/
IBM_Data_Server_Driver_Package/license/ja_JP.utf8/dsdriver_LI_ja
IBM_Data_Server_Driver_Package/license/ja_JP.utf8/jdbc_LI_ja
IBM_Data_Server_Driver_Package/license/ja_JP.utf8/odbc_LI_ja
IBM_Data_Server_Driver_Package/license/ja_JP.utf8/jdbc4_LI_ja
IBM_Data_Server_Driver_Package/license/zh_CN.utf8/
IBM_Data_Server_Driver_Package/license/zh_CN.utf8/dsdriver_LI_zh
IBM_Data_Server_Driver_Package/license/zh_CN.utf8/odbc_LI_zh
IBM_Data_Server_Driver_Package/license/zh_CN.utf8/jdbc_LI_zh
IBM_Data_Server_Driver_Package/license/zh_CN.utf8/jdbc4_LI_zh
IBM_Data_Server_Driver_Package/license/zh_TW.utf8/
IBM_Data_Server_Driver_Package/license/zh_TW.utf8/jdbc_LI_zh_TW
IBM_Data_Server_Driver_Package/license/zh_TW.utf8/dsdriver_LI_zh_TW
IBM_Data_Server_Driver_Package/license/zh_TW.utf8/odbc_LI_zh_TW
IBM_Data_Server_Driver_Package/license/zh_TW.utf8/jdbc4_LI_zh_TW
IBM_Data_Server_Driver_Package/license/zh_CN.eucCN/
IBM_Data_Server_Driver_Package/license/zh_CN.eucCN/jdbc4_LI_zh
IBM_Data_Server_Driver_Package/license/zh_CN.eucCN/jdbc_LI_zh
IBM_Data_Server_Driver_Package/license/zh_CN.eucCN/dsdriver_LI_zh
IBM_Data_Server_Driver_Package/license/zh_CN.eucCN/odbc_LI_zh
IBM_Data_Server_Driver_Package/license/pl_PL.utf8/
IBM_Data_Server_Driver_Package/license/pl_PL.utf8/jdbc_LI_pl
IBM_Data_Server_Driver_Package/license/pl_PL.utf8/dsdriver_LI_pl
IBM_Data_Server_Driver_Package/license/pl_PL.utf8/odbc_LI_pl
IBM_Data_Server_Driver_Package/license/pl_PL.utf8/jdbc4_LI_pl
IBM_Data_Server_Driver_Package/license/it_IT.iso88591/
IBM_Data_Server_Driver_Package/license/it_IT.iso88591/jdbc_LI_it
IBM_Data_Server_Driver_Package/license/it_IT.iso88591/dsdriver_LI_it
IBM_Data_Server_Driver_Package/license/it_IT.iso88591/odbc_LI_it
IBM_Data_Server_Driver_Package/license/it_IT.iso88591/jdbc4_LI_it
IBM_Data_Server_Driver_Package/license/fr_FR.iso88591/
IBM_Data_Server_Driver_Package/license/fr_FR.iso88591/dsdriver_LI_fr
IBM_Data_Server_Driver_Package/license/fr_FR.iso88591/jdbc_LI_fr
IBM_Data_Server_Driver_Package/license/fr_FR.iso88591/jdbc4_LI_fr
IBM_Data_Server_Driver_Package/license/fr_FR.iso88591/odbc_LI_fr
IBM_Data_Server_Driver_Package/license/id_ID.utf8/
IBM_Data_Server_Driver_Package/license/id_ID.utf8/dsdriver_LI_in
IBM_Data_Server_Driver_Package/license/id_ID.utf8/odbc_LI_in
IBM_Data_Server_Driver_Package/odbc_cli_driver/
IBM_Data_Server_Driver_Package/odbc_cli_driver/linuxia32/
IBM_Data_Server_Driver_Package/odbc_cli_driver/linuxia32/ibm_data_server_driver_for_odbc_cli_32.tar.gz
IBM_Data_Server_Driver_Package/odbc_cli_driver/linuxamd64/
IBM_Data_Server_Driver_Package/odbc_cli_driver/linuxamd64/ibm_data_server_driver_for_odbc_cli.tar.gz
IBM_Data_Server_Driver_Package/php_driver/
IBM_Data_Server_Driver_Package/php_driver/linuxamd64/
IBM_Data_Server_Driver_Package/php_driver/linuxamd64/php64/
IBM_Data_Server_Driver_Package/php_driver/linuxamd64/php64/ibm_db2_5.3.6_nts.so
IBM_Data_Server_Driver_Package/php_driver/linuxamd64/php64/pdo_ibm_5.3.6_nts.so
IBM_Data_Server_Driver_Package/php_driver/linuxamd64/php64/validate_install.php
IBM_Data_Server_Driver_Package/php_driver/linuxamd64/php64/ibm_db2_5.3.6_ts.so
IBM_Data_Server_Driver_Package/php_driver/linuxamd64/php64/README
IBM_Data_Server_Driver_Package/php_driver/linuxamd64/php64/pdo_ibm_5.3.6_ts.so
IBM_Data_Server_Driver_Package/php_driver/linuxamd64/php32/
IBM_Data_Server_Driver_Package/php_driver/linuxamd64/php32/pdo_ibm_5.3.6_nts.so
IBM_Data_Server_Driver_Package/php_driver/linuxamd64/php32/pdo_ibm_5.3.6_ts.so
IBM_Data_Server_Driver_Package/php_driver/linuxamd64/php32/validate_install.php
IBM_Data_Server_Driver_Package/php_driver/linuxamd64/php32/ibm_db2_5.3.6_ts.so
IBM_Data_Server_Driver_Package/php_driver/linuxamd64/php32/ibm_db2_5.3.6_nts.so
IBM_Data_Server_Driver_Package/php_driver/linuxamd64/php32/README
IBM_Data_Server_Driver_Package/python32/
IBM_Data_Server_Driver_Package/python32/validate_install.py
IBM_Data_Server_Driver_Package/python32/README
IBM_Data_Server_Driver_Package/python32/ibm_db_sa-0.1.6-py2.5.egg
IBM_Data_Server_Driver_Package/python32/ibm_db-2.0.0-py2.5-linux-i686.egg
IBM_Data_Server_Driver_Package/python32/ibm_db_django-1.0.4-py2.5.egg
IBM_Data_Server_Driver_Package/python64/
IBM_Data_Server_Driver_Package/python64/ibm_db_django-1.0.4-py2.5.egg
IBM_Data_Server_Driver_Package/python64/validate_install.py
IBM_Data_Server_Driver_Package/python64/ibm_db_sa-0.1.6-py2.5.egg
IBM_Data_Server_Driver_Package/python64/README
IBM_Data_Server_Driver_Package/python64/ibm_db-2.0.0-py2.5-linux-x86_64.egg
IBM_Data_Server_Driver_Package/rdf/
IBM_Data_Server_Driver_Package/rdf/bin/
IBM_Data_Server_Driver_Package/rdf/bin/createrdfstoreandloader
IBM_Data_Server_Driver_Package/rdf/bin/loadrdfstore
IBM_Data_Server_Driver_Package/rdf/bin/updaterdfstore
IBM_Data_Server_Driver_Package/rdf/bin/setUp
IBM_Data_Server_Driver_Package/rdf/bin/loadScripts/
IBM_Data_Server_Driver_Package/rdf/bin/loadScripts/build-load-files.sh
IBM_Data_Server_Driver_Package/rdf/bin/loadScripts/splitTriplesByEntity.awk
IBM_Data_Server_Driver_Package/rdf/bin/loadScripts/createLoadFile.awk
IBM_Data_Server_Driver_Package/rdf/bin/loadScripts/strings.awk
IBM_Data_Server_Driver_Package/rdf/bin/loadScripts/stringLengthDistribution.sh
IBM_Data_Server_Driver_Package/rdf/bin/loadScripts/long-strings.awk
IBM_Data_Server_Driver_Package/rdf/bin/loadScripts/parse.awk
IBM_Data_Server_Driver_Package/rdf/bin/loadScripts/findAllPredOccurrences.awk
IBM_Data_Server_Driver_Package/rdf/bin/loadScripts/conditional-probabilities.awk
IBM_Data_Server_Driver_Package/rdf/bin/loadScripts/run-stats.sh
IBM_Data_Server_Driver_Package/rdf/bin/loadScripts/types.awk
IBM_Data_Server_Driver_Package/rdf/bin/reorgswitchrdfstore
IBM_Data_Server_Driver_Package/rdf/bin/setStatsSchedule
IBM_Data_Server_Driver_Package/rdf/bin/reorgrdfstore
IBM_Data_Server_Driver_Package/rdf/bin/queryrdfstore
IBM_Data_Server_Driver_Package/rdf/bin/genpredicatemappings
IBM_Data_Server_Driver_Package/rdf/bin/updaterdfstorestats
IBM_Data_Server_Driver_Package/rdf/bin/droprdfstore
IBM_Data_Server_Driver_Package/rdf/bin/registerrdfudf
IBM_Data_Server_Driver_Package/rdf/bin/reorgcheckrdfstore
IBM_Data_Server_Driver_Package/rdf/bin/createrdfstore
IBM_Data_Server_Driver_Package/rdf/lib/
IBM_Data_Server_Driver_Package/rdf/lib/wala.jar
IBM_Data_Server_Driver_Package/rdf/lib/db2rdf.jar
IBM_Data_Server_Driver_Package/rdf/lib/antlr-3.3-java.jar
IBM_Data_Server_Driver_Package/rdf/lib/rdfstore.jar
IBM_Data_Server_Driver_Package/ruby_driver/
IBM_Data_Server_Driver_Package/ruby_driver/linuxamd64/
IBM_Data_Server_Driver_Package/ruby_driver/linuxamd64/ruby64/
IBM_Data_Server_Driver_Package/ruby_driver/linuxamd64/ruby64/ibm_db-2.5.10.gem
IBM_Data_Server_Driver_Package/ruby_driver/linuxamd64/ruby64/README
IBM_Data_Server_Driver_Package/ruby_driver/linuxamd64/ruby64/validate_install.rb
IBM_Data_Server_Driver_Package/ruby_driver/linuxamd64/ruby32/
IBM_Data_Server_Driver_Package/ruby_driver/linuxamd64/ruby32/ibm_db-2.5.10.gem
IBM_Data_Server_Driver_Package/ruby_driver/linuxamd64/ruby32/README
IBM_Data_Server_Driver_Package/ruby_driver/linuxamd64/ruby32/validate_install.rb
ICONNECT/
ICONNECT/UNIX/
ICONNECT/UNIX/doc/
ICONNECT/UNIX/doc/csdk_lux_relnotes.html
ICONNECT/UNIX/doc/csdk_win_relnotes.html
ICONNECT/UNIX/doc/CPP_4.1
ICONNECT/UNIX/doc/Gls_relnotes_4.10.html
ICONNECT/UNIX/doc/Glsapi_machine_notes_4.10.txt
ICONNECT/UNIX/doc/ESQLC_machine_notes_4.10.txt
ICONNECT/UNIX/doc/Odbc_machine_notes_4.10.txt
ICONNECT/UNIX/doc/Client_install_guide.pdf
ids_install
JDBC/
JDBC/quickstart/
JDBC/quickstart/ibmidwb-ixic.css
JDBC/quickstart/JDBC_qsg_en.pdf
JDBC/quickstart/archdiagramJDBC.gif
JDBC/quickstart/qsg-multipledisc.png
JDBC/quickstart/qsg-configure.png
JDBC/quickstart/ibmidwb.css
JDBC/quickstart/qsg-information.png
JDBC/quickstart/jdbc_qsg_en.htm
JDBC/doc/
JDBC/doc/jdbcrel.htm
JDBC/doc/javadoc/
JDBC/doc/javadoc/com/
JDBC/doc/javadoc/com/informix/
JDBC/doc/javadoc/com/informix/jdbc/
JDBC/doc/javadoc/com/informix/jdbc/IfmxCallableStatement.html
JDBC/doc/javadoc/com/informix/jdbc/IfmxComplexSQLInput.html
JDBC/doc/javadoc/com/informix/jdbc/IfmxComplexSQLOutput.html
JDBC/doc/javadoc/com/informix/jdbc/IfmxConnection.html
JDBC/doc/javadoc/com/informix/jdbc/IfmxParameterMetaData.html
JDBC/doc/javadoc/com/informix/jdbc/IfmxPreparedStatement.html
JDBC/doc/javadoc/com/informix/jdbc/IfmxResultSet.html
JDBC/doc/javadoc/com/informix/jdbc/IfmxResultSetMetaData.html
JDBC/doc/javadoc/com/informix/jdbc/IfmxStatement.html
JDBC/doc/javadoc/com/informix/jdbc/IfmxUDTSQLInput.html
JDBC/doc/javadoc/com/informix/jdbc/IfmxUDTSQLOutput.html
JDBC/doc/javadoc/com/informix/jdbc/IfxBblob.html
JDBC/doc/javadoc/com/informix/jdbc/IfxBSONObject.html
JDBC/doc/javadoc/com/informix/jdbc/IfxCblob.html
JDBC/doc/javadoc/com/informix/jdbc/IfxLobDescriptor.html
JDBC/doc/javadoc/com/informix/jdbc/IfxLocator.html
JDBC/doc/javadoc/com/informix/jdbc/IfxLoStat.html
JDBC/doc/javadoc/com/informix/jdbc/IfxSmartBlob.html
JDBC/doc/javadoc/com/informix/jdbc/IfxStatementTypes.html
JDBC/doc/javadoc/com/informix/jdbc/IfxUDTInfo.html
JDBC/doc/javadoc/com/informix/jdbc/package-frame.html
JDBC/doc/javadoc/com/informix/jdbc/package-summary.html
JDBC/doc/javadoc/com/informix/jdbc/package-tree.html
JDBC/doc/javadoc/com/informix/smartTrigger/
JDBC/doc/javadoc/com/informix/smartTrigger/IfmxSmartTriggerCallback.html
JDBC/doc/javadoc/com/informix/smartTrigger/IfmxThreadedSmartTrigger.html
JDBC/doc/javadoc/com/informix/smartTrigger/package-frame.html
JDBC/doc/javadoc/com/informix/smartTrigger/package-summary.html
JDBC/doc/javadoc/com/informix/smartTrigger/package-tree.html
JDBC/doc/javadoc/com/informix/lang/
JDBC/doc/javadoc/com/informix/lang/IfxTypes.html
JDBC/doc/javadoc/com/informix/lang/Interval.html
JDBC/doc/javadoc/com/informix/lang/IntervalDF.html
JDBC/doc/javadoc/com/informix/lang/IntervalYM.html
JDBC/doc/javadoc/com/informix/lang/package-frame.html
JDBC/doc/javadoc/com/informix/lang/package-summary.html
JDBC/doc/javadoc/com/informix/lang/package-tree.html
JDBC/doc/javadoc/com/informix/jdbcx/
JDBC/doc/javadoc/com/informix/jdbcx/IfxConnectionEventListener.html
JDBC/doc/javadoc/com/informix/jdbcx/IfxConnectionPoolDataSource.html
JDBC/doc/javadoc/com/informix/jdbcx/IfxCoreDataSource.html
JDBC/doc/javadoc/com/informix/jdbcx/IfxDataSource.html
JDBC/doc/javadoc/com/informix/jdbcx/IfxPooledConnection.html
JDBC/doc/javadoc/com/informix/jdbcx/IfxXADataSource.html
JDBC/doc/javadoc/com/informix/jdbcx/package-frame.html
JDBC/doc/javadoc/com/informix/jdbcx/package-summary.html
JDBC/doc/javadoc/com/informix/jdbcx/package-tree.html
JDBC/doc/javadoc/package-list
JDBC/doc/javadoc/overview-frame.html
JDBC/doc/javadoc/constant-values.html
JDBC/doc/javadoc/serialized-form.html
JDBC/doc/javadoc/resources/
JDBC/doc/javadoc/resources/background.gif
JDBC/doc/javadoc/resources/tab.gif
JDBC/doc/javadoc/resources/titlebar.gif
JDBC/doc/javadoc/resources/titlebar_end.gif
JDBC/doc/javadoc/overview-tree.html
JDBC/doc/javadoc/index-all.html
JDBC/doc/javadoc/deprecated-list.html
JDBC/doc/javadoc/allclasses-frame.html
JDBC/doc/javadoc/allclasses-noframe.html
JDBC/doc/javadoc/index.html
JDBC/doc/javadoc/overview-summary.html
JDBC/doc/javadoc/help-doc.html
JDBC/doc/javadoc/stylesheet.css
JDBC/doc/release/
JDBC/doc/release/jdbc4pg.pdf
JDBC/doc/release/jdbcrel.htm
JDBC/properties/
JDBC/properties/version/
JDBC/properties/version/IBM_Informix_JDBC_Driver_Embedded_SQL-4.10.0.swtag
README.html
SERVER/
SERVER/onsecurity
SERVER/doc/
SERVER/doc/ids_machine_notes_12.10.txt
SERVER/doc/ids_unix_relnotes_12.10.html
SERVER/doc/notesstyle.css
SERVER/doc/ids_unix_installg_12.10.pdf
           Stop:  Tue 22 Aug 19:45:48 UTC 2017
