     ----------------------------------------
          apt-get update
     ----------------------------------------
          Start:  Tue 22 Aug 19:28:01 UTC 2017
Hit http://archive.raspberrypi.org jessie InRelease
Hit http://mirrordirector.raspbian.org jessie InRelease
Hit https://deb.nodesource.com jessie InRelease
Hit http://archive.raspberrypi.org jessie/main armhf Packages
Hit http://mirrordirector.raspbian.org jessie/main armhf Packages
Hit https://deb.nodesource.com jessie/main Sources
Hit https://deb.nodesource.com jessie/main armhf Packages
Get:1 https://deb.nodesource.com jessie/main Translation-en_GB [162 B]
Get:2 https://deb.nodesource.com jessie/main Translation-en [162 B]
Get:3 https://deb.nodesource.com jessie/main Translation-en_GB [162 B]
Hit http://mirrordirector.raspbian.org jessie/contrib armhf Packages
Hit http://archive.raspberrypi.org jessie/ui armhf Packages
Get:4 https://deb.nodesource.com jessie/main Translation-en [162 B]
Get:5 https://deb.nodesource.com jessie/main Translation-en_GB [162 B]
Get:6 https://deb.nodesource.com jessie/main Translation-en [162 B]
Get:7 https://deb.nodesource.com jessie/main Translation-en_GB [162 B]
Hit http://mirrordirector.raspbian.org jessie/non-free armhf Packages
Get:8 https://deb.nodesource.com jessie/main Translation-en [162 B]
Get:9 https://deb.nodesource.com jessie/main Translation-en_GB [162 B]
Ign https://deb.nodesource.com jessie/main Translation-en_GB
Get:10 https://deb.nodesource.com jessie/main Translation-en [162 B]
Hit http://mirrordirector.raspbian.org jessie/rpi armhf Packages
Ign https://deb.nodesource.com jessie/main Translation-en
Ign http://archive.raspberrypi.org jessie/main Translation-en_GB
Ign http://archive.raspberrypi.org jessie/main Translation-en
Ign http://archive.raspberrypi.org jessie/ui Translation-en_GB
Ign http://mirrordirector.raspbian.org jessie/contrib Translation-en_GB
Ign http://archive.raspberrypi.org jessie/ui Translation-en
Ign http://mirrordirector.raspbian.org jessie/contrib Translation-en
Ign http://mirrordirector.raspbian.org jessie/main Translation-en_GB
Ign http://mirrordirector.raspbian.org jessie/main Translation-en
Ign http://mirrordirector.raspbian.org jessie/non-free Translation-en_GB
Ign http://mirrordirector.raspbian.org jessie/non-free Translation-en
Ign http://mirrordirector.raspbian.org jessie/rpi Translation-en_GB
Ign http://mirrordirector.raspbian.org jessie/rpi Translation-en
Reading package lists...
           Stop:  Tue 22 Aug 19:28:52 UTC 2017
